#
# There is insufficient memory for the Java Runtime Environment to continue.
# Native memory allocation (malloc) failed to allocate 217024 bytes for Chunk::new
# Possible reasons:
#   The system is out of physical RAM or swap space
#   The process is running with CompressedOops enabled, and the Java Heap may be blocking the growth of the native heap
# Possible solutions:
#   Reduce memory load on the system
#   Increase physical memory or swap space
#   Check if swap backing store is full
#   Decrease Java heap size (-Xmx/-Xms)
#   Decrease number of Java threads
#   Decrease Java thread stack sizes (-Xss)
#   Set larger code cache with -XX:ReservedCodeCacheSize=
#   JVM is running with Zero Based Compressed Oops mode in which the Java heap is
#     placed in the first 32GB address space. The Java Heap base address is the
#     maximum limit for the native heap growth. Please use -XX:HeapBaseMinAddress
#     to set the Java Heap base and to place the Java Heap above 32GB virtual address.
# This output file may be truncated or incomplete.
#
#  Out of Memory Error (arena.cpp:184), pid=94572, tid=95396
#
# JRE version: Java(TM) SE Runtime Environment (20.0+36) (build 20+36-2344)
# Java VM: Java HotSpot(TM) 64-Bit Server VM (20+36-2344, mixed mode, sharing, tiered, compressed oops, compressed class ptrs, g1 gc, windows-amd64)
# No core dump will be written. Minidumps are not enabled by default on client versions of Windows
#

---------------  S U M M A R Y ------------

Command Line: -ea -Dfile.encoding=UTF-8 -XX:+ShowCodeDetailsInExceptionMessages org.testng.remote.RemoteTestNG -serport 57374 -protocol json -d E:\Snehal\ComplianceLatest\Litigation-Project-main (1)\Litigation-Project-main\test-output C:\Users\SNEHAL~1\AppData\Local\Temp\testng-eclipse--2134220490\testng-customsuite.xml

Host: Intel(R) Core(TM) i5-5200U CPU @ 2.20GHz, 4 cores, 11G,  Windows 10 , 64 bit Build 19041 (10.0.19041.3031)
Time: Thu Jun 29 22:35:33 2023 India Standard Time elapsed time: 9.758641 seconds (0d 0h 0m 9s)

---------------  T H R E A D  ---------------

Current thread (0x000001bff918fec0):  JavaThread "C2 CompilerThread0" daemon [_thread_in_native, id=95396, stack(0x0000000608d00000,0x0000000608e00000)]


Current CompileTask:
C2:   9759 3631   !   4       java.util.concurrent.ConcurrentHashMap::putVal (432 bytes)

Stack: [0x0000000608d00000,0x0000000608e00000]
Native frames: (J=compiled Java code, j=interpreted, Vv=VM code, C=native code)
V  [jvm.dll+0x6bb95a]
V  [jvm.dll+0x8483aa]
V  [jvm.dll+0x849fa5]
V  [jvm.dll+0x84a6a3]
V  [jvm.dll+0x280b0f]
V  [jvm.dll+0xc2b11]
V  [jvm.dll+0xc2e35]
V  [jvm.dll+0x3bb17c]
V  [jvm.dll+0x1e6c43]
V  [jvm.dll+0x24b3ab]
V  [jvm.dll+0x24a651]
V  [jvm.dll+0x1ce491]
V  [jvm.dll+0x259e1b]
V  [jvm.dll+0x2584f0]
V  [jvm.dll+0x3f2895]
V  [jvm.dll+0x7f4906]
V  [jvm.dll+0x6ba5cb]
C  [ucrtbase.dll+0x21bb2]
C  [KERNEL32.dll+0x17614]
C  [ntdll.dll+0x526f1]


---------------  P R O C E S S  ---------------

Threads class SMR info:
_java_thread_list=0x000001bf80b06af0, length=22, elements={
0x000001bfdba6fea0, 0x000001bff9175730, 0x000001bff9177280, 0x000001bff9178120,
0x000001bff917aa70, 0x000001bff917b3b0, 0x000001bff9183220, 0x000001bff918fec0,
0x000001bff9190840, 0x000001bffd4cf3e0, 0x000001bffd4f87a0, 0x000001bffdb6fcd0,
0x000001bffe349820, 0x000001bffdff3ef0, 0x000001bffdff4440, 0x000001bffe4f4b40,
0x000001bffe4f5090, 0x000001bffee16ae0, 0x000001bffee17030, 0x000001bffee17580,
0x000001bffee16040, 0x000001bffee19ab0
}

Java Threads: ( => current thread )
  0x000001bfdba6fea0 JavaThread "main" [_thread_in_Java, id=94172, stack(0x0000000608000000,0x0000000608100000)]
  0x000001bff9175730 JavaThread "Reference Handler" daemon [_thread_blocked, id=63336, stack(0x0000000608700000,0x0000000608800000)]
  0x000001bff9177280 JavaThread "Finalizer" daemon [_thread_blocked, id=59596, stack(0x0000000608800000,0x0000000608900000)]
  0x000001bff9178120 JavaThread "Signal Dispatcher" daemon [_thread_blocked, id=63000, stack(0x0000000608900000,0x0000000608a00000)]
  0x000001bff917aa70 JavaThread "Attach Listener" daemon [_thread_blocked, id=78468, stack(0x0000000608a00000,0x0000000608b00000)]
  0x000001bff917b3b0 JavaThread "Service Thread" daemon [_thread_blocked, id=71140, stack(0x0000000608b00000,0x0000000608c00000)]
  0x000001bff9183220 JavaThread "Monitor Deflation Thread" daemon [_thread_blocked, id=12636, stack(0x0000000608c00000,0x0000000608d00000)]
=>0x000001bff918fec0 JavaThread "C2 CompilerThread0" daemon [_thread_in_native, id=95396, stack(0x0000000608d00000,0x0000000608e00000)]
  0x000001bff9190840 JavaThread "C1 CompilerThread0" daemon [_thread_blocked, id=45824, stack(0x0000000608e00000,0x0000000608f00000)]
  0x000001bffd4cf3e0 JavaThread "Notification Thread" daemon [_thread_blocked, id=89836, stack(0x0000000608f00000,0x0000000609000000)]
  0x000001bffd4f87a0 JavaThread "Common-Cleaner" daemon [_thread_blocked, id=94004, stack(0x0000000609100000,0x0000000609200000)]
  0x000001bffdb6fcd0 JavaThread "ReaderThread" [_thread_in_native, id=76480, stack(0x0000000609400000,0x0000000609500000)]
  0x000001bffe349820 JavaThread "ForkJoinPool.commonPool-worker-1" daemon [_thread_blocked, id=94156, stack(0x0000000609200000,0x0000000609300000)]
  0x000001bffdff3ef0 JavaThread "ForkJoinPool.commonPool-worker-2" daemon [_thread_blocked, id=89200, stack(0x0000000609800000,0x0000000609900000)]
  0x000001bffdff4440 JavaThread "ForkJoinPool.commonPool-worker-3" daemon [_thread_blocked, id=5600, stack(0x0000000609900000,0x0000000609a00000)]
  0x000001bffe4f4b40 JavaThread "Exec Default Executor" daemon [_thread_in_native, id=87772, stack(0x0000000609a00000,0x0000000609b00000)]
  0x000001bffe4f5090 JavaThread "UrlChecker-2" daemon [_thread_blocked, id=95260, stack(0x0000000609b00000,0x0000000609c00000)]
  0x000001bffee16ae0 JavaThread "Exec Stream Pumper" daemon [_thread_in_native, id=32756, stack(0x0000000609c00000,0x0000000609d00000)]
  0x000001bffee17030 JavaThread "Exec Stream Pumper" daemon [_thread_in_native, id=65080, stack(0x0000000609d00000,0x0000000609e00000)]
  0x000001bffee17580 JavaThread "Keep-Alive-Timer" daemon [_thread_blocked, id=33620, stack(0x0000000609e00000,0x0000000609f00000)]
  0x000001bffee16040 JavaThread "OkHttp ConnectionPool" daemon [_thread_blocked, id=81316, stack(0x000000060a000000,0x000000060a100000)]
  0x000001bffee19ab0 JavaThread "Okio Watchdog" daemon [_thread_blocked, id=20420, stack(0x000000060a100000,0x000000060a200000)]

Other Threads:
  0x000001bff9155c50 VMThread "VM Thread" [stack: 0x0000000608600000,0x0000000608700000] [id=95196]
  0x000001bffd4f0360 WatcherThread "VM Periodic Task Thread" [stack: 0x0000000609000000,0x0000000609100000] [id=95384]
  0x000001bfdbac9200 WorkerThread "GC Thread#0" [stack: 0x0000000608100000,0x0000000608200000] [id=19576]
  0x000001bffd9deb50 WorkerThread "GC Thread#1" [stack: 0x0000000609500000,0x0000000609600000] [id=93632]
  0x000001bffdbde8f0 WorkerThread "GC Thread#2" [stack: 0x0000000609600000,0x0000000609700000] [id=93560]
  0x000001bffd9fa540 WorkerThread "GC Thread#3" [stack: 0x0000000609700000,0x0000000609800000] [id=83712]
  0x000001bfdbad6910 ConcurrentGCThread "G1 Main Marker" [stack: 0x0000000608200000,0x0000000608300000] [id=89544]
  0x000001bfdbad7340 WorkerThread "G1 Conc#0" [stack: 0x0000000608300000,0x0000000608400000] [id=37156]
  0x000001bfdbb2e900 ConcurrentGCThread "G1 Refine#0" [stack: 0x0000000608400000,0x0000000608500000] [id=35232]
  0x000001bff90164c0 ConcurrentGCThread "G1 Service" [stack: 0x0000000608500000,0x0000000608600000] [id=91096]

Threads with active compile tasks:
C2 CompilerThread0     9906 3631   !   4       java.util.concurrent.ConcurrentHashMap::putVal (432 bytes)

VM state: not at safepoint (normal execution)

VM Mutex/Monitor currently owned by a thread: None

Heap address: 0x0000000741400000, size: 3052 MB, Compressed Oops mode: Zero based, Oop shift amount: 3

CDS archive(s) mapped at: [0x0000000800000000-0x0000000800c60000-0x0000000800c60000), size 12976128, SharedBaseAddress: 0x0000000800000000, ArchiveRelocationMode: 0.
Compressed class space mapped at: 0x0000000801000000-0x0000000841000000, reserved size: 1073741824
Narrow klass base: 0x0000000800000000, Narrow klass shift: 0, Narrow klass range: 0x100000000

GC Precious Log:
 CardTable entry size: 512
 Card Set container configuration: InlinePtr #cards 4 size 8 Array Of Cards #cards 16 size 48 Howl #buckets 8 coarsen threshold 3686 Howl Bitmap #cards 512 size 80 coarsen threshold 460 Card regions per heap region 1 cards per card region 4096
 CPUs: 4 total, 4 available
 Memory: 12203M
 Large Page Support: Disabled
 NUMA Support: Disabled
 Compressed Oops: Enabled (Zero based)
 Heap Region Size: 2M
 Heap Min Capacity: 8M
 Heap Initial Capacity: 192M
 Heap Max Capacity: 3052M
 Pre-touch: Disabled
 Parallel Workers: 4
 Concurrent Workers: 1
 Concurrent Refinement Workers: 4
 Periodic GC: Disabled

Heap:
 garbage-first heap   total 75776K, used 40837K [0x0000000741400000, 0x0000000800000000)
  region size 2048K, 19 young (38912K), 7 survivors (14336K)
 Metaspace       used 26600K, committed 26944K, reserved 1114112K
  class space    used 3119K, committed 3264K, reserved 1048576K

Heap Regions: E=young(eden), S=young(survivor), O=old, HS=humongous(starts), HC=humongous(continues), CS=collection set, F=free, OA=open archive, CA=closed archive, TAMS=top-at-mark-start, PB=parsable bottom
|   0|0x0000000741400000, 0x0000000741600000, 0x0000000741600000|100%| O|  |TAMS 0x0000000741400000| PB 0x0000000741400000| Untracked 
|   1|0x0000000741600000, 0x0000000741800000, 0x0000000741800000|100%| O|  |TAMS 0x0000000741600000| PB 0x0000000741600000| Untracked 
|   2|0x0000000741800000, 0x000000074195d200, 0x0000000741a00000| 68%| O|  |TAMS 0x0000000741800000| PB 0x0000000741800000| Complete 
|   3|0x0000000741a00000, 0x0000000741a00000, 0x0000000741c00000|  0%| F|  |TAMS 0x0000000741a00000| PB 0x0000000741a00000| Untracked 
|   4|0x0000000741c00000, 0x0000000741c00000, 0x0000000741e00000|  0%| F|  |TAMS 0x0000000741c00000| PB 0x0000000741c00000| Untracked 
|   5|0x0000000741e00000, 0x0000000741e00000, 0x0000000742000000|  0%| F|  |TAMS 0x0000000741e00000| PB 0x0000000741e00000| Untracked 
|   6|0x0000000742000000, 0x0000000742000000, 0x0000000742200000|  0%| F|  |TAMS 0x0000000742000000| PB 0x0000000742000000| Untracked 
|   7|0x0000000742200000, 0x0000000742200000, 0x0000000742400000|  0%| F|  |TAMS 0x0000000742200000| PB 0x0000000742200000| Untracked 
|   8|0x0000000742400000, 0x0000000742400000, 0x0000000742600000|  0%| F|  |TAMS 0x0000000742400000| PB 0x0000000742400000| Untracked 
|   9|0x0000000742600000, 0x0000000742600000, 0x0000000742800000|  0%| F|  |TAMS 0x0000000742600000| PB 0x0000000742600000| Untracked 
|  10|0x0000000742800000, 0x0000000742800000, 0x0000000742a00000|  0%| F|  |TAMS 0x0000000742800000| PB 0x0000000742800000| Untracked 
|  11|0x0000000742a00000, 0x0000000742a00000, 0x0000000742c00000|  0%| F|  |TAMS 0x0000000742a00000| PB 0x0000000742a00000| Untracked 
|  12|0x0000000742c00000, 0x0000000742c00000, 0x0000000742e00000|  0%| F|  |TAMS 0x0000000742c00000| PB 0x0000000742c00000| Untracked 
|  13|0x0000000742e00000, 0x0000000742e00000, 0x0000000743000000|  0%| F|  |TAMS 0x0000000742e00000| PB 0x0000000742e00000| Untracked 
|  14|0x0000000743000000, 0x0000000743000000, 0x0000000743200000|  0%| F|  |TAMS 0x0000000743000000| PB 0x0000000743000000| Untracked 
|  15|0x0000000743200000, 0x0000000743200000, 0x0000000743400000|  0%| F|  |TAMS 0x0000000743200000| PB 0x0000000743200000| Untracked 
|  16|0x0000000743400000, 0x0000000743400000, 0x0000000743600000|  0%| F|  |TAMS 0x0000000743400000| PB 0x0000000743400000| Untracked 
|  17|0x0000000743600000, 0x0000000743600000, 0x0000000743800000|  0%| F|  |TAMS 0x0000000743600000| PB 0x0000000743600000| Untracked 
|  18|0x0000000743800000, 0x0000000743900800, 0x0000000743a00000| 50%| E|  |TAMS 0x0000000743800000| PB 0x0000000743800000| Complete 
|  19|0x0000000743a00000, 0x0000000743c00000, 0x0000000743c00000|100%| E|CS|TAMS 0x0000000743a00000| PB 0x0000000743a00000| Complete 
|  20|0x0000000743c00000, 0x0000000743e00000, 0x0000000743e00000|100%| E|CS|TAMS 0x0000000743c00000| PB 0x0000000743c00000| Complete 
|  21|0x0000000743e00000, 0x0000000744000000, 0x0000000744000000|100%| E|CS|TAMS 0x0000000743e00000| PB 0x0000000743e00000| Complete 
|  22|0x0000000744000000, 0x0000000744200000, 0x0000000744200000|100%| E|CS|TAMS 0x0000000744000000| PB 0x0000000744000000| Complete 
|  23|0x0000000744200000, 0x0000000744400000, 0x0000000744400000|100%| E|CS|TAMS 0x0000000744200000| PB 0x0000000744200000| Complete 
|  24|0x0000000744400000, 0x0000000744600000, 0x0000000744600000|100%| E|CS|TAMS 0x0000000744400000| PB 0x0000000744400000| Complete 
|  25|0x0000000744600000, 0x0000000744800000, 0x0000000744800000|100%| E|CS|TAMS 0x0000000744600000| PB 0x0000000744600000| Complete 
|  26|0x0000000744800000, 0x0000000744a00000, 0x0000000744a00000|100%| E|CS|TAMS 0x0000000744800000| PB 0x0000000744800000| Complete 
|  27|0x0000000744a00000, 0x0000000744c00000, 0x0000000744c00000|100%| E|CS|TAMS 0x0000000744a00000| PB 0x0000000744a00000| Complete 
|  28|0x0000000744c00000, 0x0000000744e00000, 0x0000000744e00000|100%| E|CS|TAMS 0x0000000744c00000| PB 0x0000000744c00000| Complete 
|  66|0x0000000749800000, 0x00000007498845c0, 0x0000000749a00000| 25%| S|CS|TAMS 0x0000000749800000| PB 0x0000000749800000| Complete 
|  67|0x0000000749a00000, 0x0000000749c00000, 0x0000000749c00000|100%| S|CS|TAMS 0x0000000749a00000| PB 0x0000000749a00000| Complete 
|  68|0x0000000749c00000, 0x0000000749e00000, 0x0000000749e00000|100%| S|CS|TAMS 0x0000000749c00000| PB 0x0000000749c00000| Complete 
|  69|0x0000000749e00000, 0x000000074a000000, 0x000000074a000000|100%| S|CS|TAMS 0x0000000749e00000| PB 0x0000000749e00000| Complete 
|  70|0x000000074a000000, 0x000000074a200000, 0x000000074a200000|100%| S|CS|TAMS 0x000000074a000000| PB 0x000000074a000000| Complete 
|  71|0x000000074a200000, 0x000000074a400000, 0x000000074a400000|100%| S|CS|TAMS 0x000000074a200000| PB 0x000000074a200000| Complete 
|  72|0x000000074a400000, 0x000000074a600000, 0x000000074a600000|100%| S|CS|TAMS 0x000000074a400000| PB 0x000000074a400000| Complete 
|  95|0x000000074d200000, 0x000000074d400000, 0x000000074d400000|100%| E|CS|TAMS 0x000000074d200000| PB 0x000000074d200000| Complete 

Card table byte_map: [0x000001bff3120000,0x000001bff3720000] _byte_map_base: 0x000001bfef716000

Marking Bits: (CMBitMap*) 0x000001bfdbac9830
 Bits: [0x000001bff3d20000, 0x000001bff6cd0000)

Polling page: 0x000001bfd97d0000

Metaspace:

Usage:
  Non-class:     22.93 MB used.
      Class:      3.05 MB used.
       Both:     25.98 MB used.

Virtual space:
  Non-class space:       64.00 MB reserved,      23.12 MB ( 36%) committed,  1 nodes.
      Class space:        1.00 GB reserved,       3.19 MB ( <1%) committed,  1 nodes.
             Both:        1.06 GB reserved,      26.31 MB (  2%) committed. 

Chunk freelists:
   Non-Class:  404.00 KB
       Class:  764.00 KB
        Both:  1.14 MB

MaxMetaspaceSize: unlimited
CompressedClassSpaceSize: 1.00 GB
Initial GC threshold: 21.00 MB
Current GC threshold: 35.12 MB
CDS: on
MetaspaceReclaimPolicy: balanced
 - commit_granule_bytes: 65536.
 - commit_granule_words: 8192.
 - virtual_space_node_default_size: 8388608.
 - enlarge_chunks_in_place: 1.
 - new_chunks_are_fully_committed: 0.
 - uncommit_free_chunks: 1.
 - use_allocation_guard: 0.


Internal statistics:

num_allocs_failed_limit: 3.
num_arena_births: 290.
num_arena_deaths: 0.
num_vsnodes_births: 2.
num_vsnodes_deaths: 0.
num_space_committed: 420.
num_space_uncommitted: 0.
num_chunks_returned_to_freelist: 3.
num_chunks_taken_from_freelist: 974.
num_chunk_merges: 3.
num_chunk_splits: 709.
num_chunks_enlarged: 563.
num_inconsistent_stats: 0.

CodeHeap 'non-profiled nmethods': size=120000Kb used=1607Kb max_used=1607Kb free=118392Kb
 bounds [0x000001bfeb5f0000, 0x000001bfeb860000, 0x000001bff2b20000]
CodeHeap 'profiled nmethods': size=120000Kb used=7974Kb max_used=7974Kb free=112026Kb
 bounds [0x000001bfe3b20000, 0x000001bfe42f0000, 0x000001bfeb050000]
CodeHeap 'non-nmethods': size=5760Kb used=1586Kb max_used=1633Kb free=4173Kb
 bounds [0x000001bfeb050000, 0x000001bfeb2c0000, 0x000001bfeb5f0000]
 total_blobs=4373 nmethods=3781 adapters=501
 compilation: enabled
              stopped_count=0, restarted_count=0
 full_count=0

Compilation events (20 events):
Event: 9.745 Thread 0x000001bff9190840 nmethod 3652 0x000001bfe429a110 code [0x000001bfe429a5a0, 0x000001bfe429c5e0]
Event: 9.745 Thread 0x000001bff9190840 3657       3       org.testng.shaded.com.google.gson.internal.$Gson$Types::getRawType (157 bytes)
Event: 9.747 Thread 0x000001bff9190840 nmethod 3657 0x000001bfe429d190 code [0x000001bfe429d540, 0x000001bfe429f0f8]
Event: 9.747 Thread 0x000001bff9190840 3655       3       org.testng.shaded.com.google.gson.internal.$Gson$Types::canonicalize (139 bytes)
Event: 9.748 Thread 0x000001bff9190840 nmethod 3655 0x000001bfe429f790 code [0x000001bfe429faa0, 0x000001bfe42a1100]
Event: 9.748 Thread 0x000001bff9190840 3653       3       java.lang.reflect.Field::<init> (50 bytes)
Event: 9.748 Thread 0x000001bff9190840 nmethod 3653 0x000001bfe42a1590 code [0x000001bfe42a1740, 0x000001bfe42a1b28]
Event: 9.748 Thread 0x000001bff9190840 3654       3       java.lang.reflect.Field::copy (80 bytes)
Event: 9.749 Thread 0x000001bff9190840 nmethod 3654 0x000001bfe42a1c10 code [0x000001bfe42a1dc0, 0x000001bfe42a21f0]
Event: 9.749 Thread 0x000001bff9190840 3648       3       org.testng.shaded.com.google.gson.stream.JsonWriter::writeDeferredName (25 bytes)
Event: 9.749 Thread 0x000001bff9190840 nmethod 3648 0x000001bfe42a2310 code [0x000001bfe42a24c0, 0x000001bfe42a26b0]
Event: 9.749 Thread 0x000001bff9190840 3656       1       org.testng.internal.TestResult::getStatus (5 bytes)
Event: 9.749 Thread 0x000001bff9190840 nmethod 3656 0x000001bfeb77dc10 code [0x000001bfeb77dd80, 0x000001bfeb77de48]
Event: 9.749 Thread 0x000001bff9190840 3658       1       org.testng.internal.annotations.TestOrConfiguration::getDependsOnGroups (5 bytes)
Event: 9.750 Thread 0x000001bff9190840 nmethod 3658 0x000001bfeb77df10 code [0x000001bfeb77e080, 0x000001bfeb77e150]
Event: 9.750 Thread 0x000001bff9190840 3659       1       org.testng.internal.annotations.TestOrConfiguration::getDependsOnMethods (5 bytes)
Event: 9.750 Thread 0x000001bff9190840 nmethod 3659 0x000001bfeb77e210 code [0x000001bfeb77e380, 0x000001bfeb77e450]
Event: 9.750 Thread 0x000001bff9190840 3660       1       org.testng.internal.annotations.TestOrConfiguration::getDescription (5 bytes)
Event: 9.750 Thread 0x000001bff9190840 nmethod 3660 0x000001bfeb77e510 code [0x000001bfeb77e680, 0x000001bfeb77e750]
Event: 9.750 Thread 0x000001bff9190840 3661       1       org.testng.internal.annotations.TestOrConfiguration::getGroups (5 bytes)

GC Heap History (8 events):
Event: 0.977 GC heap before
{Heap before GC invocations=0 (full 0):
 garbage-first heap   total 196608K, used 10240K [0x0000000741400000, 0x0000000800000000)
  region size 2048K, 6 young (12288K), 0 survivors (0K)
 Metaspace       used 3759K, committed 3968K, reserved 1114112K
  class space    used 390K, committed 512K, reserved 1048576K
}
Event: 0.983 GC heap after
{Heap after GC invocations=1 (full 0):
 garbage-first heap   total 196608K, used 5566K [0x0000000741400000, 0x0000000800000000)
  region size 2048K, 1 young (2048K), 1 survivors (2048K)
 Metaspace       used 3759K, committed 3968K, reserved 1114112K
  class space    used 390K, committed 512K, reserved 1048576K
}
Event: 1.576 GC heap before
{Heap before GC invocations=1 (full 0):
 garbage-first heap   total 196608K, used 13758K [0x0000000741400000, 0x0000000800000000)
  region size 2048K, 5 young (10240K), 1 survivors (2048K)
 Metaspace       used 6445K, committed 6656K, reserved 1114112K
  class space    used 672K, committed 768K, reserved 1048576K
}
Event: 1.579 GC heap after
{Heap after GC invocations=2 (full 0):
 garbage-first heap   total 196608K, used 6293K [0x0000000741400000, 0x0000000800000000)
  region size 2048K, 1 young (2048K), 1 survivors (2048K)
 Metaspace       used 6445K, committed 6656K, reserved 1114112K
  class space    used 672K, committed 768K, reserved 1048576K
}
Event: 3.047 GC heap before
{Heap before GC invocations=2 (full 0):
 garbage-first heap   total 196608K, used 32917K [0x0000000741400000, 0x0000000800000000)
  region size 2048K, 14 young (28672K), 1 survivors (2048K)
 Metaspace       used 14087K, committed 14272K, reserved 1114112K
  class space    used 1571K, committed 1664K, reserved 1048576K
}
Event: 3.054 GC heap after
{Heap after GC invocations=3 (full 0):
 garbage-first heap   total 196608K, used 8971K [0x0000000741400000, 0x0000000800000000)
  region size 2048K, 2 young (4096K), 2 survivors (4096K)
 Metaspace       used 14087K, committed 14272K, reserved 1114112K
  class space    used 1571K, committed 1664K, reserved 1048576K
}
Event: 4.717 GC heap before
{Heap before GC invocations=3 (full 0):
 garbage-first heap   total 196608K, used 47883K [0x0000000741400000, 0x0000000800000000)
  region size 2048K, 23 young (47104K), 2 survivors (4096K)
 Metaspace       used 21298K, committed 21504K, reserved 1114112K
  class space    used 2389K, committed 2496K, reserved 1048576K
}
Event: 4.737 GC heap after
{Heap after GC invocations=4 (full 0):
 garbage-first heap   total 196608K, used 18309K [0x0000000741400000, 0x0000000800000000)
  region size 2048K, 7 young (14336K), 7 survivors (14336K)
 Metaspace       used 21298K, committed 21504K, reserved 1114112K
  class space    used 2389K, committed 2496K, reserved 1048576K
}

Dll operation events (9 events):
Event: 0.024 Loaded shared library C:\Program Files\Java\jdk-20\bin\java.dll
Event: 0.042 Loaded shared library C:\Program Files\Java\jdk-20\bin\jsvml.dll
Event: 0.235 Loaded shared library C:\Program Files\Java\jdk-20\bin\net.dll
Event: 0.242 Loaded shared library C:\Program Files\Java\jdk-20\bin\nio.dll
Event: 0.251 Loaded shared library C:\Program Files\Java\jdk-20\bin\zip.dll
Event: 0.458 Loaded shared library C:\Program Files\Java\jdk-20\bin\jimage.dll
Event: 0.810 Loaded shared library C:\Program Files\Java\jdk-20\bin\extnet.dll
Event: 1.699 Loaded shared library C:\Program Files\Java\jdk-20\bin\verify.dll
Event: 3.901 Loaded shared library C:\Program Files\Java\jdk-20\bin\sunmscapi.dll

Deoptimization events (20 events):
Event: 9.675 Thread 0x000001bffdb6fcd0 Uncommon trap: trap_request=0xffffff45 fr.pc=0x000001bfeb717f0c relative=0x000000000000090c
Event: 9.675 Thread 0x000001bffdb6fcd0 Uncommon trap: reason=unstable_if action=reinterpret pc=0x000001bfeb717f0c method=java.io.BufferedReader.implReadLine(Z[Z)Ljava/lang/String; @ 14 c2
Event: 9.675 Thread 0x000001bffdb6fcd0 DEOPT PACKING pc=0x000001bfeb717f0c sp=0x00000006094ff1e0
Event: 9.675 Thread 0x000001bffdb6fcd0 DEOPT UNPACKING pc=0x000001bfeb0b9d22 sp=0x00000006094ff180 mode 2
Event: 9.680 Thread 0x000001bfdba6fea0 Uncommon trap: trap_request=0xffffffde fr.pc=0x000001bfeb71d770 relative=0x0000000000000fd0
Event: 9.680 Thread 0x000001bfdba6fea0 Uncommon trap: reason=class_check action=maybe_recompile pc=0x000001bfeb71d770 method=java.util.concurrent.ConcurrentHashMap.putVal(Ljava/lang/Object;Ljava/lang/Object;Z)Ljava/lang/Object; @ 242 c2
Event: 9.680 Thread 0x000001bfdba6fea0 DEOPT PACKING pc=0x000001bfeb71d770 sp=0x00000006080fdea0
Event: 9.680 Thread 0x000001bfdba6fea0 DEOPT UNPACKING pc=0x000001bfeb0b9d22 sp=0x00000006080fde20 mode 2
Event: 9.686 Thread 0x000001bfdba6fea0 Uncommon trap: trap_request=0xffffffde fr.pc=0x000001bfeb71d770 relative=0x0000000000000fd0
Event: 9.686 Thread 0x000001bfdba6fea0 Uncommon trap: reason=class_check action=maybe_recompile pc=0x000001bfeb71d770 method=java.util.concurrent.ConcurrentHashMap.putVal(Ljava/lang/Object;Ljava/lang/Object;Z)Ljava/lang/Object; @ 242 c2
Event: 9.686 Thread 0x000001bfdba6fea0 DEOPT PACKING pc=0x000001bfeb71d770 sp=0x00000006080fdec0
Event: 9.686 Thread 0x000001bfdba6fea0 DEOPT UNPACKING pc=0x000001bfeb0b9d22 sp=0x00000006080fde40 mode 2
Event: 9.691 Thread 0x000001bfdba6fea0 Uncommon trap: trap_request=0xffffffde fr.pc=0x000001bfeb71d770 relative=0x0000000000000fd0
Event: 9.691 Thread 0x000001bfdba6fea0 Uncommon trap: reason=class_check action=maybe_recompile pc=0x000001bfeb71d770 method=java.util.concurrent.ConcurrentHashMap.putVal(Ljava/lang/Object;Ljava/lang/Object;Z)Ljava/lang/Object; @ 242 c2
Event: 9.691 Thread 0x000001bfdba6fea0 DEOPT PACKING pc=0x000001bfeb71d770 sp=0x00000006080fdc30
Event: 9.692 Thread 0x000001bfdba6fea0 DEOPT UNPACKING pc=0x000001bfeb0b9d22 sp=0x00000006080fdbb0 mode 2
Event: 9.701 Thread 0x000001bfdba6fea0 DEOPT PACKING pc=0x000001bfe3d772e9 sp=0x00000006080fe1b0
Event: 9.701 Thread 0x000001bfdba6fea0 DEOPT UNPACKING pc=0x000001bfeb0ba4c2 sp=0x00000006080fd650 mode 0
Event: 9.702 Thread 0x000001bfdba6fea0 DEOPT PACKING pc=0x000001bfe3d772e9 sp=0x00000006080fe1b0
Event: 9.702 Thread 0x000001bfdba6fea0 DEOPT UNPACKING pc=0x000001bfeb0ba4c2 sp=0x00000006080fd650 mode 0

Classes loaded (20 events):
Event: 8.764 Loading class java/util/Formatter$DateTime
Event: 8.764 Loading class java/util/Formatter$DateTime done
Event: 8.765 Loading class java/time/ZonedDateTime$1
Event: 8.765 Loading class java/time/ZonedDateTime$1 done
Event: 9.646 Loading class java/lang/ThreadDeath
Event: 9.647 Loading class java/lang/ThreadDeath done
Event: 9.647 Loading class sun/misc/SharedSecrets
Event: 9.647 Loading class sun/misc/SharedSecrets done
Event: 9.649 Loading class java/util/stream/SortedOps$SizedRefSortingSink
Event: 9.650 Loading class java/util/stream/SortedOps$SizedRefSortingSink done
Event: 9.652 Loading class java/lang/invoke/WrongMethodTypeException
Event: 9.653 Loading class java/lang/invoke/WrongMethodTypeException done
Event: 9.655 Loading class java/lang/Throwable$WrappedPrintWriter
Event: 9.656 Loading class java/lang/Throwable$WrappedPrintWriter done
Event: 9.656 Loading class java/lang/StackTraceElement$HashedModules
Event: 9.657 Loading class java/lang/StackTraceElement$HashedModules done
Event: 9.666 Loading class jdk/internal/reflect/MethodHandleLongFieldAccessorImpl
Event: 9.667 Loading class jdk/internal/reflect/MethodHandleLongFieldAccessorImpl done
Event: 9.693 Loading class java/util/concurrent/ConcurrentLinkedQueue$Itr
Event: 9.694 Loading class java/util/concurrent/ConcurrentLinkedQueue$Itr done

Classes unloaded (0 events):
No events

Classes redefined (0 events):
No events

Internal exceptions (20 events):
Event: 5.015 Thread 0x000001bffe4f4b40 Exception <a 'java/lang/NoSuchMethodError'{0x0000000744818b00}: 'java.lang.Object java.lang.invoke.DirectMethodHandle$Holder.invokeStatic(java.lang.Object, long, java.lang.Object)'> (0x0000000744818b00) 
thrown [s\open\src\hotspot\share\interpreter\linkResolver.cpp, line 773]
Event: 5.016 Thread 0x000001bffe4f4b40 Exception <a 'java/lang/NoSuchMethodError'{0x000000074481bfd8}: 'java.lang.Object java.lang.invoke.DirectMethodHandle$Holder.invokeStaticInit(java.lang.Object, long, java.lang.Object)'> (0x000000074481bfd8) 
thrown [s\open\src\hotspot\share\interpreter\linkResolver.cpp, line 773]
Event: 5.029 Thread 0x000001bffe4f5090 Exception <a 'java/net/ConnectException'{0x0000000744828350}: Connection refused: no further information> (0x0000000744828350) 
thrown [s\open\src\hotspot\share\prims\jni.cpp, line 538]
Event: 5.061 Thread 0x000001bffe4f5090 Exception <a 'java/net/ConnectException'{0x00000007448292e8}: Connection refused: no further information> (0x00000007448292e8) 
thrown [s\open\src\hotspot\share\prims\jni.cpp, line 538]
Event: 5.109 Thread 0x000001bffe4f5090 Exception <a 'java/net/ConnectException'{0x000000074482a280}: Connection refused: no further information> (0x000000074482a280) 
thrown [s\open\src\hotspot\share\prims\jni.cpp, line 538]
Event: 5.236 Thread 0x000001bfdba6fea0 Exception <a 'java/lang/NoSuchMethodError'{0x0000000744bcace8}: 'java.lang.Object java.lang.invoke.DirectMethodHandle$Holder.invokeInterface(java.lang.Object, java.lang.Object, java.lang.Object)'> (0x0000000744bcace8) 
thrown [s\open\src\hotspot\share\interpreter\linkResolver.cpp, line 773]
Event: 5.237 Thread 0x000001bfdba6fea0 Exception <a 'java/lang/IncompatibleClassChangeError'{0x0000000744bce0d0}: Found class java.lang.Object, but interface was expected> (0x0000000744bce0d0) 
thrown [s\open\src\hotspot\share\interpreter\linkResolver.cpp, line 840]
Event: 5.239 Thread 0x000001bfdba6fea0 Exception <a 'java/lang/NoSuchMethodError'{0x0000000744bd4b70}: 'int java.lang.invoke.DirectMethodHandle$Holder.invokeSpecialIFC(java.lang.Object, java.lang.Object, java.lang.Object, java.lang.Object)'> (0x0000000744bd4b70) 
thrown [s\open\src\hotspot\share\interpreter\linkResolver.cpp, line 773]
Event: 5.240 Thread 0x000001bfdba6fea0 Exception <a 'java/lang/NoSuchMethodError'{0x0000000744bdcd00}: 'java.lang.Object java.lang.invoke.DirectMethodHandle$Holder.invokeInterface(java.lang.Object, java.lang.Object, java.lang.Object, java.lang.Object)'> (0x0000000744bdcd00) 
thrown [s\open\src\hotspot\share\interpreter\linkResolver.cpp, line 773]
Event: 5.275 Thread 0x000001bfdba6fea0 Exception <a 'java/lang/NoSuchMethodError'{0x0000000744956bd8}: 'double java.lang.invoke.DirectMethodHandle$Holder.invokeVirtual(java.lang.Object, java.lang.Object)'> (0x0000000744956bd8) 
thrown [s\open\src\hotspot\share\interpreter\linkResolver.cpp, line 773]
Event: 5.276 Thread 0x000001bfdba6fea0 Exception <a 'java/lang/NoSuchMethodError'{0x000000074495cf18}: 'float java.lang.invoke.DirectMethodHandle$Holder.invokeVirtual(java.lang.Object, java.lang.Object)'> (0x000000074495cf18) 
thrown [s\open\src\hotspot\share\interpreter\linkResolver.cpp, line 773]
Event: 5.277 Thread 0x000001bfdba6fea0 Exception <a 'java/lang/NoSuchMethodError'{0x0000000744965c40}: 'long java.lang.invoke.DirectMethodHandle$Holder.invokeVirtual(java.lang.Object, java.lang.Object)'> (0x0000000744965c40) 
thrown [s\open\src\hotspot\share\interpreter\linkResolver.cpp, line 773]
Event: 5.327 Thread 0x000001bfdba6fea0 Exception <a 'java/lang/NoSuchMethodError'{0x00000007446a1e10}: 'void java.lang.invoke.DirectMethodHandle$Holder.invokeSpecial(java.lang.Object, java.lang.Object, java.lang.Object, java.lang.Object, java.lang.Object)'> (0x00000007446a1e10) 
thrown [s\open\src\hotspot\share\interpreter\linkResolver.cpp, line 773]
Event: 5.357 Thread 0x000001bfdba6fea0 Exception <a 'java/lang/NoSuchMethodError'{0x0000000744753968}: 'java.lang.Object java.lang.invoke.DirectMethodHandle$Holder.newInvokeSpecial(java.lang.Object, java.lang.Object, java.lang.Object, java.lang.Object, java.lang.Object)'> (0x0000000744753968) 
thrown [s\open\src\hotspot\share\interpreter\linkResolver.cpp, line 773]
Event: 8.721 Thread 0x000001bfdba6fea0 Exception <a 'java/lang/NoSuchMethodError'{0x000000074413f808}: 'java.lang.Object java.lang.invoke.DirectMethodHandle$Holder.invokeSpecialIFC(java.lang.Object, java.lang.Object, java.lang.Object)'> (0x000000074413f808) 
thrown [s\open\src\hotspot\share\interpreter\linkResolver.cpp, line 773]
Event: 8.761 Thread 0x000001bfdba6fea0 Exception <a 'java/lang/ClassNotFoundException'{0x0000000744190f50}: sun/util/logging/resources/spi/loggingProvider> (0x0000000744190f50) 
thrown [s\open\src\hotspot\share\classfile\systemDictionary.cpp, line 305]
Event: 9.647 Thread 0x000001bfdba6fea0 Exception <a 'java/lang/ClassNotFoundException'{0x0000000743ebd420}: sun/misc/SharedSecrets> (0x0000000743ebd420) 
thrown [s\open\src\hotspot\share\classfile\systemDictionary.cpp, line 305]
Event: 9.668 Thread 0x000001bfdba6fea0 Exception <a 'java/lang/NoSuchMethodError'{0x0000000743f09058}: 'long java.lang.invoke.DelegatingMethodHandle$Holder.reinvoke_L(java.lang.Object, java.lang.Object)'> (0x0000000743f09058) 
thrown [s\open\src\hotspot\share\interpreter\linkResolver.cpp, line 773]
Event: 9.670 Thread 0x000001bfdba6fea0 Exception <a 'java/lang/NoSuchMethodError'{0x0000000743f12d20}: 'void java.lang.invoke.DelegatingMethodHandle$Holder.reinvoke_L(java.lang.Object, java.lang.Object, long)'> (0x0000000743f12d20) 
thrown [s\open\src\hotspot\share\interpreter\linkResolver.cpp, line 773]
Event: 9.671 Thread 0x000001bfdba6fea0 Exception <a 'java/lang/NoSuchMethodError'{0x0000000743f19540}: 'long java.lang.invoke.Invokers$Holder.invokeExact_MT(java.lang.Object, java.lang.Object, java.lang.Object)'> (0x0000000743f19540) 
thrown [s\open\src\hotspot\share\interpreter\linkResolver.cpp, line 773]

VM Operations (20 events):
Event: 4.754 Executing VM operation: G1PauseRemark
Event: 4.758 Executing VM operation: G1PauseRemark done
Event: 4.760 Executing VM operation: G1PauseCleanup
Event: 4.764 Executing VM operation: G1PauseCleanup done
Event: 4.947 Executing VM operation: HandshakeAllThreads
Event: 4.947 Executing VM operation: HandshakeAllThreads done
Event: 4.948 Executing VM operation: HandshakeAllThreads
Event: 4.948 Executing VM operation: HandshakeAllThreads done
Event: 5.018 Executing VM operation: HandshakeAllThreads
Event: 5.018 Executing VM operation: HandshakeAllThreads done
Event: 5.212 Executing VM operation: HandshakeAllThreads
Event: 5.212 Executing VM operation: HandshakeAllThreads done
Event: 5.216 Executing VM operation: HandshakeAllThreads
Event: 5.216 Executing VM operation: HandshakeAllThreads done
Event: 5.412 Executing VM operation: HandshakeAllThreads
Event: 5.412 Executing VM operation: HandshakeAllThreads done
Event: 6.421 Executing VM operation: Cleanup
Event: 6.421 Executing VM operation: Cleanup done
Event: 9.423 Executing VM operation: Cleanup
Event: 9.423 Executing VM operation: Cleanup done

Events (20 events):
Event: 0.227 Thread 0x000001bffd4f87a0 Thread added: 0x000001bffd4f87a0
Event: 0.420 Thread 0x000001bffd5ba830 Thread added: 0x000001bffd5ba830
Event: 0.827 Thread 0x000001bffdb6fcd0 Thread added: 0x000001bffdb6fcd0
Event: 1.211 Thread 0x000001bffd5ba830 Thread exited: 0x000001bffd5ba830
Event: 1.636 Thread 0x000001bffe349820 Thread added: 0x000001bffe349820
Event: 1.637 Thread 0x000001bffdff3ef0 Thread added: 0x000001bffdff3ef0
Event: 1.637 Thread 0x000001bffdff4440 Thread added: 0x000001bffdff4440
Event: 2.265 Thread 0x000001bffe51e370 Thread added: 0x000001bffe51e370
Event: 2.623 Thread 0x000001bffe51e370 Thread exited: 0x000001bffe51e370
Event: 2.812 Thread 0x000001bffe51e370 Thread added: 0x000001bffe51e370
Event: 4.904 Thread 0x000001bffe51e370 Thread exited: 0x000001bffe51e370
Event: 4.990 Thread 0x000001bffe4f4b40 Thread added: 0x000001bffe4f4b40
Event: 4.999 Thread 0x000001bffe4f5090 Thread added: 0x000001bffe4f5090
Event: 5.021 Thread 0x000001bffee16ae0 Thread added: 0x000001bffee16ae0
Event: 5.022 Thread 0x000001bffee17030 Thread added: 0x000001bffee17030
Event: 5.215 Thread 0x000001bffee17580 Thread added: 0x000001bffee17580
Event: 5.366 Thread 0x000001bffee68910 Thread added: 0x000001bffee68910
Event: 5.649 Thread 0x000001bffee16040 Thread added: 0x000001bffee16040
Event: 5.659 Thread 0x000001bffee19ab0 Thread added: 0x000001bffee19ab0
Event: 8.953 Thread 0x000001bffee68910 Thread exited: 0x000001bffee68910


Dynamic libraries:
0x00007ff63b2f0000 - 0x00007ff63b300000 	C:\Program Files\Java\jdk-20\bin\javaw.exe
0x00007ffe09d90000 - 0x00007ffe09f88000 	C:\WINDOWS\SYSTEM32\ntdll.dll
0x00007ffe08150000 - 0x00007ffe0820f000 	C:\WINDOWS\System32\KERNEL32.dll
0x00007ffe07220000 - 0x00007ffe07321000 	C:\Windows\system32\hmpalert.dll
0x00007ffe075d0000 - 0x00007ffe078c6000 	C:\WINDOWS\System32\KERNELBASE.dll
0x00007ffe07470000 - 0x00007ffe07570000 	C:\WINDOWS\System32\ucrtbase.dll
0x00007ffe00e60000 - 0x00007ffe00e7b000 	C:\Program Files\Java\jdk-20\bin\VCRUNTIME140.dll
0x00007ffe008c0000 - 0x00007ffe008d9000 	C:\Program Files\Java\jdk-20\bin\jli.dll
0x00007ffe09380000 - 0x00007ffe0942f000 	C:\WINDOWS\System32\ADVAPI32.dll
0x00007ffe09c50000 - 0x00007ffe09cee000 	C:\WINDOWS\System32\msvcrt.dll
0x00007ffe08460000 - 0x00007ffe084fc000 	C:\WINDOWS\System32\sechost.dll
0x00007ffe08690000 - 0x00007ffe087b6000 	C:\WINDOWS\System32\RPCRT4.dll
0x00007ffe08a10000 - 0x00007ffe08bad000 	C:\WINDOWS\System32\USER32.dll
0x00007ffe075a0000 - 0x00007ffe075c2000 	C:\WINDOWS\System32\win32u.dll
0x00007ffe08e30000 - 0x00007ffe08e5c000 	C:\WINDOWS\System32\GDI32.dll
0x00007ffe07b10000 - 0x00007ffe07c25000 	C:\WINDOWS\System32\gdi32full.dll
0x00007ffe07c30000 - 0x00007ffe07ccd000 	C:\WINDOWS\System32\msvcp_win.dll
0x00007ffde5470000 - 0x00007ffde570a000 	C:\WINDOWS\WinSxS\amd64_microsoft.windows.common-controls_6595b64144ccf1df_6.0.19041.1110_none_60b5254171f9507e\COMCTL32.dll
0x00007ffe01250000 - 0x00007ffe0125a000 	C:\WINDOWS\SYSTEM32\VERSION.dll
0x00007ffe08660000 - 0x00007ffe08690000 	C:\WINDOWS\System32\IMM32.DLL
0x00007ffe011b0000 - 0x00007ffe011bc000 	C:\Program Files\Java\jdk-20\bin\vcruntime140_1.dll
0x00007ffde25b0000 - 0x00007ffde263e000 	C:\Program Files\Java\jdk-20\bin\msvcp140.dll
0x00007ffdc28f0000 - 0x00007ffdc3587000 	C:\Program Files\Java\jdk-20\bin\server\jvm.dll
0x00007ffe01170000 - 0x00007ffe01179000 	C:\WINDOWS\SYSTEM32\WSOCK32.dll
0x00007ffde90d0000 - 0x00007ffde90f7000 	C:\WINDOWS\SYSTEM32\WINMM.dll
0x00007ffe08560000 - 0x00007ffe085cb000 	C:\WINDOWS\System32\WS2_32.dll
0x00007ffe051d0000 - 0x00007ffe051e2000 	C:\WINDOWS\SYSTEM32\kernel.appcore.dll
0x00007ffe01130000 - 0x00007ffe0113a000 	C:\Program Files\Java\jdk-20\bin\jimage.dll
0x00007ffdf5670000 - 0x00007ffdf5854000 	C:\WINDOWS\SYSTEM32\DBGHELP.DLL
0x00007ffdf5630000 - 0x00007ffdf5664000 	C:\WINDOWS\SYSTEM32\dbgcore.DLL
0x00007ffe078d0000 - 0x00007ffe07952000 	C:\WINDOWS\System32\bcryptPrimitives.dll
0x00007ffe00870000 - 0x00007ffe00896000 	C:\Program Files\Java\jdk-20\bin\java.dll
0x00007ffde1b00000 - 0x00007ffde1bd7000 	C:\Program Files\Java\jdk-20\bin\jsvml.dll
0x00007ffe09500000 - 0x00007ffe09c44000 	C:\WINDOWS\System32\SHELL32.dll
0x00007ffe053d0000 - 0x00007ffe05b63000 	C:\WINDOWS\SYSTEM32\windows.storage.dll
0x00007ffe07df0000 - 0x00007ffe08144000 	C:\WINDOWS\System32\combase.dll
0x00007ffe06bf0000 - 0x00007ffe06c1e000 	C:\WINDOWS\SYSTEM32\Wldp.dll
0x00007ffe08e60000 - 0x00007ffe08f0d000 	C:\WINDOWS\System32\SHCORE.dll
0x00007ffe08500000 - 0x00007ffe08555000 	C:\WINDOWS\System32\shlwapi.dll
0x00007ffe073b0000 - 0x00007ffe073cf000 	C:\WINDOWS\SYSTEM32\profapi.dll
0x00007ffe00310000 - 0x00007ffe00323000 	C:\Program Files\Java\jdk-20\bin\net.dll
0x00007ffdff880000 - 0x00007ffdff98a000 	C:\WINDOWS\SYSTEM32\WINHTTP.dll
0x00007ffe069d0000 - 0x00007ffe06a3a000 	C:\WINDOWS\system32\mswsock.dll
0x00007ffe001f0000 - 0x00007ffe00206000 	C:\Program Files\Java\jdk-20\bin\nio.dll
0x00007ffe00180000 - 0x00007ffe00198000 	C:\Program Files\Java\jdk-20\bin\zip.dll
0x00007ffe06730000 - 0x00007ffe067fa000 	C:\WINDOWS\SYSTEM32\DNSAPI.dll
0x00007ffe066e0000 - 0x00007ffe0671c000 	C:\WINDOWS\SYSTEM32\IPHLPAPI.DLL
0x00007ffe08210000 - 0x00007ffe08218000 	C:\WINDOWS\System32\NSI.dll
0x00007ffdfaa70000 - 0x00007ffdfaa7a000 	C:\Windows\System32\rasadhlp.dll
0x00007ffdfcc80000 - 0x00007ffdfcd02000 	C:\WINDOWS\System32\fwpuclnt.dll
0x00007ffe07570000 - 0x00007ffe07597000 	C:\WINDOWS\System32\bcrypt.dll
0x00007ffe01220000 - 0x00007ffe01227000 	C:\Program Files\Java\jdk-20\bin\extnet.dll
0x00007ffe06c30000 - 0x00007ffe06c48000 	C:\WINDOWS\SYSTEM32\CRYPTSP.dll
0x00007ffe06310000 - 0x00007ffe06344000 	C:\WINDOWS\system32\rsaenh.dll
0x00007ffe07370000 - 0x00007ffe0739e000 	C:\WINDOWS\SYSTEM32\USERENV.dll
0x00007ffe06b60000 - 0x00007ffe06b6c000 	C:\WINDOWS\SYSTEM32\CRYPTBASE.dll
0x00007ffdffa10000 - 0x00007ffdffa27000 	C:\WINDOWS\SYSTEM32\dhcpcsvc6.DLL
0x00007ffdfe850000 - 0x00007ffdfe86d000 	C:\WINDOWS\SYSTEM32\dhcpcsvc.DLL
0x00007ffe01080000 - 0x00007ffe01090000 	C:\Program Files\Java\jdk-20\bin\verify.dll
0x00007ffdd9b80000 - 0x00007ffdd9b97000 	C:\WINDOWS\system32\napinsp.dll
0x00007ffd97d80000 - 0x00007ffd97d9b000 	C:\WINDOWS\system32\pnrpnsp.dll
0x00007ffe01c00000 - 0x00007ffe01c15000 	C:\WINDOWS\system32\wshbth.dll
0x00007ffe03e80000 - 0x00007ffe03e9d000 	C:\WINDOWS\system32\NLAapi.dll
0x00007ffd97d60000 - 0x00007ffd97d72000 	C:\WINDOWS\System32\winrnr.dll
0x00007ffe00f50000 - 0x00007ffe00f5e000 	C:\Program Files\Java\jdk-20\bin\sunmscapi.dll
0x00007ffe07960000 - 0x00007ffe07abe000 	C:\WINDOWS\System32\CRYPT32.dll
0x00007ffe06d40000 - 0x00007ffe06d68000 	C:\WINDOWS\SYSTEM32\ncrypt.dll
0x00007ffe06d00000 - 0x00007ffe06d3b000 	C:\WINDOWS\SYSTEM32\NTASN1.dll

dbghelp: loaded successfully - version: 4.0.5 - missing functions: none
symbol engine: initialized successfully - sym options: 0x614 - pdb path: .;C:\Program Files\Java\jdk-20\bin;C:\WINDOWS\SYSTEM32;C:\WINDOWS\WinSxS\amd64_microsoft.windows.common-controls_6595b64144ccf1df_6.0.19041.1110_none_60b5254171f9507e;C:\Program Files\Java\jdk-20\bin\server

VM Arguments:
jvm_args: -ea -Dfile.encoding=UTF-8 -XX:+ShowCodeDetailsInExceptionMessages 
java_command: org.testng.remote.RemoteTestNG -serport 57374 -protocol json -d E:\Snehal\ComplianceLatest\Litigation-Project-main (1)\Litigation-Project-main\test-output C:\Users\SNEHAL~1\AppData\Local\Temp\testng-eclipse--2134220490\testng-customsuite.xml
java_class_path (initial): C:\Users\Snehal Patil\eclipse\java-2023-03\eclipse\configuration\org.eclipse.osgi\444\0\.cp\lib\testng-remote.jar;E:\Snehal\ComplianceLatest\Litigation-Project-main (1)\Litigation-Project-main\target\test-classes;E:\Snehal\ComplianceLatest\Litigation-Project-main (1)\Litigation-Project-main\target\classes;C:\Users\Snehal Patil\.p2\pool\plugins\org.testng_7.4.0.r202105021533.jar;C:\Users\Snehal Patil\.p2\pool\plugins\com.beust.jcommander_1.78.0.jar;C:\Users\Snehal Patil\.p2\pool\plugins\org.apache-extras.beanshell.bsh_2.0.0.b6.jar;C:\Users\Snehal Patil\.p2\pool\plugins\org.yaml.snakeyaml_1.27.0.v20221112-0806.jar;C:\Users\Snehal Patil\.p2\pool\plugins\org.webjars.jquery_3.5.1.jar;C:\Users\Snehal Patil\.m2\repository\org\seleniumhq\selenium\selenium-java\3.141.0\selenium-java-3.141.0.jar;C:\Users\Snehal Patil\.m2\repository\org\seleniumhq\selenium\selenium-api\3.141.0\selenium-api-3.141.0.jar;C:\Users\Snehal Patil\.m2\repository\org\seleniumhq\selenium\selenium-chrome-driver\3.141.0\selenium-chrome-driver-3.141.0.jar;C:\Users\Snehal Patil\.m2\repository\org\seleniumhq\selenium\selenium-edge-driver\3.141.0\selenium-edge-driver-3.141.0.jar;C:\Users\Snehal Patil\.m2\repository\org\seleniumhq\selenium\selenium-firefox-driver\3.141.0\selenium-firefox-driver-3.141.0.jar;C:\Users\Snehal Patil\.m2\repository\org\seleniumhq\selenium\selenium-ie-driver\3.141.0\selenium-ie-driver-3.141.0.jar;C:\Users\Snehal Patil\.m2\repository\org\seleniumhq\selenium\selenium-opera-driver\3.141.0\selenium-opera-driver-3.141.0.jar;C:\Users\Snehal Patil\.m2\repository\org\seleniumhq\selenium\selenium-remote-driver\3.141.0\selenium-remote-driver-3.141.0.jar;C:\Users\Snehal Patil\.m2\repository\org\seleniumhq\selenium\selenium-safari-driver\3.141.0\selenium-safari-driver-3.141.0.jar;C:\Users\Snehal Patil\.m2\repository\org\seleniumhq\selenium\selenium-support\3.141.0\selenium-support-3.141.0.jar;C:\Users\Snehal Patil\.m2\repository\net\bytebuddy\byte-buddy\1.8.15\byte-buddy-1.8.15.jar;C:\Users\Snehal Patil\.m2\repository\org\apache\commons\commons-exec\1.3\commons-exec-1.3.jar;C:\Users\Snehal Patil\.m2\repository\com\google\guava\guava\25.0-jre\guava-25.0-jre.jar;C:\Users\Snehal Patil\.m2\repository\com\google\code\findbugs\jsr305\1.3.9\jsr305-1.3.9.jar;C:\Users\Snehal Patil\.m2\repository\org\checkerframework\checker-compat-qual\2.0.0\checker-compat-qual-2.0.0.jar;C:\Users\Snehal Patil\.m2\repository\com\google\errorprone\error_prone_annotations\2.1.3\error_prone_annotations-2.1.3.jar;C:\Users\Snehal Patil\.m2\repository\com\google\j2objc\j2objc-annotations\1.1\j2objc-annotations-1.1.jar;C:\Users\Snehal Patil\.m2\repository\org\codehaus\mojo\animal-sniffer-annotations\1.14\animal-sniffer-annotations-1.14.jar;C:\Users\Snehal Patil\.m2\repository\com\squareup\okhttp3\okhttp\3.11.0\okhttp-3.11.0.jar;C:\Users\Snehal Patil\.m2\repository\com\squareup\okio\okio\1.14.0\okio-1.14.0.jar;C:\Users\Snehal Patil\.m2\repository\org\testng\testng\6.14.2\testng-6.14.2.jar;C:\Users\Snehal Patil\.m2\repository\com\beust\jcommander\1.72\jcommander-1.72.jar;C:\Users\Snehal Patil\.m2\repository\org\apache-extras\beanshell\bsh\2.0b6\bsh-2.0b6.jar;C:\Users\Snehal Patil\.m2\repository\com\relevantcodes\extentreports\2.41.1\extentreports-2.41.1.jar;C:\Users\Snehal Patil\.m2\repository\org\jsoup\jsoup\1.8.3\jsoup-1.8.3.jar;C:\Users\Snehal Patil\.m2\repository\org\xerial\sqlite-jdbc\3.8.11.1\sqlite-jdbc-3.8.11.1.jar;C:\Users\Snehal Patil\.m2\repository\org\freemarker\freemarker\2.3.23\freemarker-2.3.23.jar;C:\Users\Snehal Patil\.m2\repository\org\mongodb\mongodb-driver\3.0.4\mongodb-driver-3.0.4.jar;C:\Users\Snehal Patil\.m2\repository\org\mongodb\bson\3.0.4\bson-3.0.4.jar;C:\Users\Snehal Patil\.m2\repository\org\mongodb\mongodb-driver-core\3.0.4\mongodb-driver-core-3.0.4.jar;C:\Users\Snehal Patil\.m2\repository\org\apache\poi\poi\4.0.0\poi-4.0.0.jar;C:\Users\Snehal Patil\.m2\repository\commons-codec\commons-codec\1.10\commons-codec-1.10.jar;C:\Users\Snehal Patil\.m2\repository\org\apache\commons\commons-collections4\4.2\commons-collections4-4.2.jar;C:\Users\Snehal Patil\.m2\repository\org\apache\poi\poi-ooxml\4.0.0\poi-ooxml-4.0.0.jar;C:\Users\Snehal Patil\.m2\repository\org\apache\poi\poi-ooxml-schemas\4.0.0\poi-ooxml-schemas-4.0.0.jar;C:\Users\Snehal Patil\.m2\repository\org\apache\xmlbeans\xmlbeans\3.0.1\xmlbeans-3.0.1.jar;C:\Users\Snehal Patil\.m2\repository\org\apache\commons\commons-compress\1.18\commons-compress-1.18.jar;C:\Users\Snehal Patil\.m2\repository\com\github\virtuald\curvesapi\1.04\curvesapi-1.04.jar;C:\Users\Snehal Patil\.m2\repository\com\google\inject\guice\4.2.0\guice-4.2.0.jar;C:\Users\Snehal Patil\.m2\repository\javax\inject\javax.inject\1\javax.inject-1.jar;C:\Users\Snehal Patil\.m2\repository\aopalliance\aopalliance\1.0\aopalliance-1.0.jar;C:\Users\Snehal Patil\.m2\repository\com\google\inject\extensions\guice-assistedinject\4.2.0\guice-assistedinject-4.2.0.jar;C:\Users\Snehal Patil\.m2\repository\io\github\bonigarcia\webdrivermanager\5.3.1\webdrivermanager-5.3.1.jar;C:\Users\Snehal Patil\.m2\repository\org\slf4j\slf4j-api\2.0.3\slf4j-api-2.0.3.jar;C:\Users\Snehal Patil\.m2\repository\com\google\code\gson\gson\2.10\gson-2.10.jar;C:\Users\Snehal Patil\.m2\repository\com\github\docker-java\docker-java\3.2.13\docker-java-3.2.13.jar;C:\Users\Snehal Patil\.m2\repository\com\github\docker-java\docker-java-core\3.2.13\docker-java-core-3.2.13.jar;C:\Users\Snehal Patil\.m2\repository\com\github\docker-java\docker-java-api\3.2.13\docker-java-api-3.2.13.jar;C:\Users\Snehal Patil\.m2\repository\com\fasterxml\jackson\core\jackson-annotations\2.10.3\jackson-annotations-2.10.3.jar;C:\Users\Snehal Patil\.m2\repository\commons-io\commons-io\2.6\commons-io-2.6.jar;C:\Users\Snehal Patil\.m2\repository\com\fasterxml\jackson\core\jackson-databind\2.10.3\jackson-databind-2.10.3.jar;C:\Users\Snehal Patil\.m2\repository\com\fasterxml\jackson\core\jackson-core\2.10.3\jackson-core-2.10.3.jar;C:\Users\Snehal Patil\.m2\repository\org\bouncycastle\bcpkix-jdk15on\1.64\bcpkix-jdk15on-1.64.jar;C:\Users\Snehal Patil\.m2\repository\org\bouncycastle\bcprov-jdk15on\1.64\bcprov-jdk15on-1.64.jar;C:\Users\Snehal Patil\.m2\repository\org\slf4j\jcl-over-slf4j\1.7.30\jcl-over-slf4j-1.7.30.jar;C:\Users\Snehal Patil\.m2\repository\com\github\docker-java\docker-java-transport-httpclient5\3.2.13\docker-java-transport-httpclient5-3.2.13.jar;C:\Users\Snehal Patil\.m2\repository\com\github\docker-java\docker-java-transport\3.2.13\docker-java-transport-3.2.13.jar;C:\Users\Snehal Patil\.m2\repository\net\java\dev\jna\jna\5.8.0\jna-5.8.0.jar;C:\Users\Snehal Patil\.m2\repository\org\brotli\dec\0.1.2\dec-0.1.2.jar;C:\Users\Snehal Patil\.m2\repository\org\apache\commons\commons-lang3\3.12.0\commons-lang3-3.12.0.jar;C:\Users\Snehal Patil\.m2\repository\org\apache\httpcomponents\client5\httpclient5\5.1.3\httpclient5-5.1.3.jar;C:\Users\Snehal Patil\.m2\repository\org\apache\httpcomponents\core5\httpcore5\5.1.3\httpcore5-5.1.3.jar;C:\Users\Snehal Patil\.m2\repository\org\apache\httpcomponents\core5\httpcore5-h2\5.1.3\httpcore5-h2-5.1.3.jar
Launcher Type: SUN_STANDARD

[Global flags]
     intx CICompilerCount                          = 3                                         {product} {ergonomic}
     uint ConcGCThreads                            = 1                                         {product} {ergonomic}
     uint G1ConcRefinementThreads                  = 4                                         {product} {ergonomic}
   size_t G1HeapRegionSize                         = 2097152                                   {product} {ergonomic}
    uintx GCDrainStackTargetSize                   = 64                                        {product} {ergonomic}
   size_t InitialHeapSize                          = 201326592                                 {product} {ergonomic}
   size_t MarkStackSize                            = 4194304                                   {product} {ergonomic}
   size_t MaxHeapSize                              = 3200253952                                {product} {ergonomic}
   size_t MaxNewSize                               = 1918894080                                {product} {ergonomic}
   size_t MinHeapDeltaBytes                        = 2097152                                   {product} {ergonomic}
   size_t MinHeapSize                              = 8388608                                   {product} {ergonomic}
    uintx NonNMethodCodeHeapSize                   = 5832780                                {pd product} {ergonomic}
    uintx NonProfiledCodeHeapSize                  = 122912730                              {pd product} {ergonomic}
    uintx ProfiledCodeHeapSize                     = 122912730                              {pd product} {ergonomic}
    uintx ReservedCodeCacheSize                    = 251658240                              {pd product} {ergonomic}
     bool SegmentedCodeCache                       = true                                      {product} {ergonomic}
     bool ShowCodeDetailsInExceptionMessages       = true                                   {manageable} {command line}
   size_t SoftMaxHeapSize                          = 3200253952                             {manageable} {ergonomic}
     bool UseCompressedClassPointers               = true                           {product lp64_product} {ergonomic}
     bool UseCompressedOops                        = true                           {product lp64_product} {ergonomic}
     bool UseG1GC                                  = true                                      {product} {ergonomic}
     bool UseLargePagesIndividualAllocation        = false                                  {pd product} {ergonomic}

Logging:
Log output configuration:
 #0: stdout all=warning uptime,level,tags foldmultilines=false
 #1: stderr all=off uptime,level,tags foldmultilines=false

Environment Variables:
JAVA_HOME=C:\Program Files\Java\jdk-20
PATH=C:\Program Files\Common Files\Oracle\Java\javapath;C:\WINDOWS\system32;C:\WINDOWS;C:\WINDOWS\System32\Wbem;C:\WINDOWS\System32\WindowsPowerShell\v1.0\;C:\WINDOWS\System32\OpenSSH\;C:\Program Files\Microsoft SQL Server\150\Tools\Binn\;C:\Program Files\Microsoft SQL Server\Client SDK\ODBC\170\Tools\Binn\;C:\Program Files\dotnet\;C:\Program Files (x86)\Microsoft SQL Server\150\Tools\Binn\;C:\Program Files\Microsoft SQL Server\150\DTS\Binn\;C:\Program Files (x86)\Microsoft SQL Server\150\DTS\Binn\;C:\Program Files\Azure Data Studio\bin;C:\Program Files\Java\jdk-20\bin;C:\Users\Snehal Patil\AppData\Local\Microsoft\WindowsApps;C:\Users\Snehal Patil\AppData\Local\GitHubDesktop\bin
USERNAME=Snehal Patil
OS=Windows_NT
PROCESSOR_IDENTIFIER=Intel64 Family 6 Model 61 Stepping 4, GenuineIntel
TMP=C:\Users\SNEHAL~1\AppData\Local\Temp
TEMP=C:\Users\SNEHAL~1\AppData\Local\Temp




---------------  S Y S T E M  ---------------

OS:
 Windows 10 , 64 bit Build 19041 (10.0.19041.3031)
OS uptime: 13 days 12:40 hours
Hyper-V role detected

CPU: total 4 (initial active 4) (2 cores per cpu, 2 threads per core) family 6 model 61 stepping 4 microcode 0x2d, cx8, cmov, fxsr, ht, mmx, 3dnowpref, sse, sse2, sse3, ssse3, sse4.1, sse4.2, popcnt, lzcnt, tsc, tscinvbit, avx, avx2, aes, erms, clmul, bmi1, bmi2, adx, fma, vzeroupper, clflush, hv, rdtscp, f16c

Memory: 4k page, system-wide physical 12203M (362M free)
TotalPageFile size 27943M (AvailPageFile size 2M)
current process WorkingSet (physical memory assigned to process): 152M, peak: 158M
current process commit charge ("private bytes"): 217M, peak: 324M

vm_info: Java HotSpot(TM) 64-Bit Server VM (20+36-2344) for windows-amd64 JRE (20+36-2344), built on 2023-02-10T19:30:15Z by "mach5one" with MS VC++ 17.1 (VS2022)

END.
