#
# There is insufficient memory for the Java Runtime Environment to continue.
# Native memory allocation (mmap) failed to map 65536 bytes for Failed to commit metaspace.
# Possible reasons:
#   The system is out of physical RAM or swap space
#   The process is running with CompressedOops enabled, and the Java Heap may be blocking the growth of the native heap
# Possible solutions:
#   Reduce memory load on the system
#   Increase physical memory or swap space
#   Check if swap backing store is full
#   Decrease Java heap size (-Xmx/-Xms)
#   Decrease number of Java threads
#   Decrease Java thread stack sizes (-Xss)
#   Set larger code cache with -XX:ReservedCodeCacheSize=
#   JVM is running with Zero Based Compressed Oops mode in which the Java heap is
#     placed in the first 32GB address space. The Java Heap base address is the
#     maximum limit for the native heap growth. Please use -XX:HeapBaseMinAddress
#     to set the Java Heap base and to place the Java Heap above 32GB virtual address.
# This output file may be truncated or incomplete.
#
#  Out of Memory Error (virtualSpaceNode.cpp:110), pid=82932, tid=78300
#
# JRE version: Java(TM) SE Runtime Environment (20.0+36) (build 20+36-2344)
# Java VM: Java HotSpot(TM) 64-Bit Server VM (20+36-2344, mixed mode, sharing, tiered, compressed oops, compressed class ptrs, g1 gc, windows-amd64)
# No core dump will be written. Minidumps are not enabled by default on client versions of Windows
#

---------------  S U M M A R Y ------------

Command Line: -ea -Dfile.encoding=UTF-8 -XX:+ShowCodeDetailsInExceptionMessages org.testng.remote.RemoteTestNG -serport 53064 -protocol json -d E:\Snehal\ComplianceLatest\Litigation-Project-main (1)\Litigation-Project-main\test-output C:\Users\SNEHAL~1\AppData\Local\Temp\testng-eclipse-1072670090\testng-customsuite.xml

Host: Intel(R) Core(TM) i5-5200U CPU @ 2.20GHz, 4 cores, 11G,  Windows 10 , 64 bit Build 19041 (10.0.19041.3031)
Time: Thu Jun 22 19:41:07 2023 India Standard Time elapsed time: 8.470432 seconds (0d 0h 0m 8s)

---------------  T H R E A D  ---------------

Current thread (0x000001d773a9b630):  JavaThread "main" [_thread_in_vm, id=78300, stack(0x0000002fd3500000,0x0000002fd3600000)]

Stack: [0x0000002fd3500000,0x0000002fd3600000]
Native frames: (J=compiled Java code, j=interpreted, Vv=VM code, C=native code)
V  [jvm.dll+0x6bb95a]
V  [jvm.dll+0x8483aa]
V  [jvm.dll+0x849fa5]
V  [jvm.dll+0x84a6a3]
V  [jvm.dll+0x280b0f]
V  [jvm.dll+0x8442eb]
V  [jvm.dll+0x65fd86]
V  [jvm.dll+0x1eb4e7]
V  [jvm.dll+0x6627a2]
V  [jvm.dll+0x66258e]
V  [jvm.dll+0x66079e]
V  [jvm.dll+0x2194b5]
V  [jvm.dll+0x21c316]
V  [jvm.dll+0x211780]
V  [jvm.dll+0x59c26c]
V  [jvm.dll+0x7c3483]
V  [jvm.dll+0x7c3564]
V  [jvm.dll+0x46c524]
V  [jvm.dll+0x471a88]
C  [java.dll+0x17ec]

Java frames: (J=compiled Java code, j=interpreted, Vv=VM code)
J 912  java.lang.ClassLoader.defineClass1(Ljava/lang/ClassLoader;Ljava/lang/String;[BIILjava/security/ProtectionDomain;Ljava/lang/String;)Ljava/lang/Class; java.base@20 (0 bytes) @ 0x000001d707b11771 [0x000001d707b116a0+0x00000000000000d1]
J 1172 c1 java.lang.ClassLoader.defineClass(Ljava/lang/String;[BIILjava/security/ProtectionDomain;)Ljava/lang/Class; java.base@20 (43 bytes) @ 0x000001d700205464 [0x000001d700205100+0x0000000000000364]
J 1589 c1 java.security.SecureClassLoader.defineClass(Ljava/lang/String;[BIILjava/security/CodeSource;)Ljava/lang/Class; java.base@20 (16 bytes) @ 0x000001d7002b04f4 [0x000001d7002b0420+0x00000000000000d4]
J 956 c1 jdk.internal.loader.BuiltinClassLoader.defineClass(Ljava/lang/String;Ljdk/internal/loader/Resource;)Ljava/lang/Class; java.base@20 (121 bytes) @ 0x000001d7001ac3dc [0x000001d7001ab480+0x0000000000000f5c]
J 901 c1 jdk.internal.loader.BuiltinClassLoader.findClassOnClassPathOrNull(Ljava/lang/String;)Ljava/lang/Class; java.base@20 (64 bytes) @ 0x000001d70017927c [0x000001d700178560+0x0000000000000d1c]
J 549 c1 jdk.internal.loader.BuiltinClassLoader.loadClassOrNull(Ljava/lang/String;Z)Ljava/lang/Class; java.base@20 (143 bytes) @ 0x000001d7000c543c [0x000001d7000c49c0+0x0000000000000a7c]
J 615 c1 jdk.internal.loader.ClassLoaders$AppClassLoader.loadClass(Ljava/lang/String;Z)Ljava/lang/Class; java.base@20 (40 bytes) @ 0x000001d7000e5fcc [0x000001d7000e5de0+0x00000000000001ec]
J 614 c1 java.lang.ClassLoader.loadClass(Ljava/lang/String;)Ljava/lang/Class; java.base@20 (7 bytes) @ 0x000001d7000e5ab4 [0x000001d7000e59a0+0x0000000000000114]
v  ~StubRoutines::call_stub 0x000001d70753100d
j  org.apache.xmlbeans.impl.regex.SchemaRegularExpression.buildKnownPatternMap()Ljava/util/Map;+29
j  org.apache.xmlbeans.impl.regex.SchemaRegularExpression.<clinit>()V+0
v  ~StubRoutines::call_stub 0x000001d70753100d
j  org.apache.xmlbeans.impl.schema.BuiltinSchemaTypeSystem.fillInType(I)V+1637
j  org.apache.xmlbeans.impl.schema.BuiltinSchemaTypeSystem.<clinit>()V+2212
v  ~StubRoutines::call_stub 0x000001d70753100d
j  jdk.internal.misc.Unsafe.ensureClassInitialized0(Ljava/lang/Class;)V+0 java.base@20
j  jdk.internal.misc.Unsafe.ensureClassInitialized(Ljava/lang/Class;)V+14 java.base@20
j  jdk.internal.reflect.MethodHandleAccessorFactory.ensureClassInitialized(Ljava/lang/Class;)V+14 java.base@20
j  jdk.internal.reflect.MethodHandleAccessorFactory.newMethodAccessor(Ljava/lang/reflect/Method;Z)Ljdk/internal/reflect/MethodAccessorImpl;+17 java.base@20
j  jdk.internal.reflect.ReflectionFactory.newMethodAccessor(Ljava/lang/reflect/Method;Z)Ljdk/internal/reflect/MethodAccessor;+28 java.base@20
j  java.lang.reflect.Method.acquireMethodAccessor()Ljdk/internal/reflect/MethodAccessor;+38 java.base@20
j  java.lang.reflect.Method.invoke(Ljava/lang/Object;[Ljava/lang/Object;)Ljava/lang/Object;+75 java.base@20
j  org.apache.xmlbeans.XmlBeans.getNoType()Lorg/apache/xmlbeans/SchemaType;+5
j  org.apache.xmlbeans.XmlBeans.<clinit>()V+116
v  ~StubRoutines::call_stub 0x000001d70753100d
j  org.openxmlformats.schemas.drawingml.x2006.main.ThemeDocument$Factory.getTypeLoader()Lorg/apache/xmlbeans/SchemaTypeLoader;+29
j  org.openxmlformats.schemas.drawingml.x2006.main.ThemeDocument$Factory.parse(Ljava/io/InputStream;Lorg/apache/xmlbeans/XmlOptions;)Lorg/openxmlformats/schemas/drawingml/x2006/main/ThemeDocument;+0
j  org.apache.poi.xssf.model.ThemesTable.<init>(Lorg/apache/poi/openxml4j/opc/PackagePart;)V+13
J 1219 c1 java.lang.invoke.DirectMethodHandle$Holder.newInvokeSpecial(Ljava/lang/Object;Ljava/lang/Object;)Ljava/lang/Object; java.base@20 (21 bytes) @ 0x000001d7002177fc [0x000001d7002171e0+0x000000000000061c]
j  java.lang.invoke.LambdaForm$MH+0x0000000801008c00.invoke(Ljava/lang/Object;Ljava/lang/Object;)Ljava/lang/Object;+31 java.base@20
J 1195 c1 jdk.internal.reflect.DirectConstructorHandleAccessor.newInstance([Ljava/lang/Object;)Ljava/lang/Object; java.base@20 (148 bytes) @ 0x000001d70021049c [0x000001d70020f780+0x0000000000000d1c]
J 1194 c1 java.lang.reflect.Constructor.newInstanceWithCaller([Ljava/lang/Object;ZLjava/lang/Class;)Ljava/lang/Object; java.base@20 (51 bytes) @ 0x000001d70020f134 [0x000001d70020ef40+0x00000000000001f4]
J 2289 c1 java.lang.reflect.Constructor.newInstance([Ljava/lang/Object;)Ljava/lang/Object; java.base@20 (34 bytes) @ 0x000001d70044d5bc [0x000001d70044d440+0x000000000000017c]
j  org.apache.poi.xssf.usermodel.XSSFFactory.createDocumentPart(Ljava/lang/Class;[Ljava/lang/Class;[Ljava/lang/Object;)Lorg/apache/poi/ooxml/POIXMLDocumentPart;+10
j  org.apache.poi.ooxml.POIXMLFactory.createDocumentPart(Lorg/apache/poi/ooxml/POIXMLDocumentPart;Lorg/apache/poi/openxml4j/opc/PackagePart;)Lorg/apache/poi/ooxml/POIXMLDocumentPart;+135
j  org.apache.poi.ooxml.POIXMLDocumentPart.read(Lorg/apache/poi/ooxml/POIXMLFactory;Ljava/util/Map;)V+222
j  org.apache.poi.ooxml.POIXMLDocument.load(Lorg/apache/poi/ooxml/POIXMLFactory;)V+11
j  org.apache.poi.xssf.usermodel.XSSFWorkbook.<init>(Lorg/apache/poi/openxml4j/opc/OPCPackage;)V+54
j  org.apache.poi.xssf.usermodel.XSSFWorkbook.<init>(Ljava/io/InputStream;)V+5
j  litigationManagement.CFO.ReadExcel()Lorg/apache/poi/xssf/usermodel/XSSFSheet;+19
j  litigationManagement.CFO.Login()V+0
j  java.lang.invoke.LambdaForm$DMH+0x00000008010bc000.invokeVirtual(Ljava/lang/Object;Ljava/lang/Object;)V+10 java.base@20
j  java.lang.invoke.LambdaForm$MH+0x00000008010bcc00.invoke(Ljava/lang/Object;Ljava/lang/Object;)Ljava/lang/Object;+31 java.base@20
J 1964 c1 java.lang.invoke.Invokers$Holder.invokeExact_MT(Ljava/lang/Object;Ljava/lang/Object;Ljava/lang/Object;)Ljava/lang/Object; java.base@20 (23 bytes) @ 0x000001d70038140c [0x000001d700380f80+0x000000000000048c]
j  jdk.internal.reflect.DirectMethodHandleAccessor.invokeImpl(Ljava/lang/Object;[Ljava/lang/Object;)Ljava/lang/Object;+41 java.base@20
j  jdk.internal.reflect.DirectMethodHandleAccessor.invoke(Ljava/lang/Object;[Ljava/lang/Object;)Ljava/lang/Object;+23 java.base@20
j  java.lang.reflect.Method.invoke(Ljava/lang/Object;[Ljava/lang/Object;)Ljava/lang/Object;+102 java.base@20
j  org.testng.internal.MethodInvocationHelper.invokeMethod(Ljava/lang/reflect/Method;Ljava/lang/Object;[Ljava/lang/Object;)Ljava/lang/Object;+258
j  org.testng.internal.MethodInvocationHelper.invokeMethodConsideringTimeout(Lorg/testng/ITestNGMethod;Lorg/testng/internal/ConstructorOrMethod;Ljava/lang/Object;[Ljava/lang/Object;Lorg/testng/ITestResult;)V+15
j  org.testng.internal.ConfigInvoker.invokeConfigurationMethod(Ljava/lang/Object;Lorg/testng/ITestNGMethod;[Ljava/lang/Object;Lorg/testng/ITestResult;)V+193
j  org.testng.internal.ConfigInvoker.invokeConfigurations(Lorg/testng/internal/ConfigMethodArguments;)V+575
j  org.testng.internal.TestInvoker.runConfigMethods(Lorg/testng/internal/TestMethodArguments;Lorg/testng/xml/XmlSuite;Lorg/testng/internal/TestResult;[Lorg/testng/ITestNGMethod;)V+66
j  org.testng.internal.TestInvoker.invokeMethod(Lorg/testng/internal/TestMethodArguments;Lorg/testng/xml/XmlSuite;Lorg/testng/internal/ITestInvoker$FailureContext;)Lorg/testng/ITestResult;+106
j  org.testng.internal.TestInvoker.invokeTestMethod(Lorg/testng/internal/TestMethodArguments;Lorg/testng/xml/XmlSuite;Lorg/testng/internal/ITestInvoker$FailureContext;)Lorg/testng/ITestResult;+16
j  org.testng.internal.MethodRunner.runInSequence(Lorg/testng/internal/TestMethodArguments;Lorg/testng/internal/ITestInvoker;Lorg/testng/ITestContext;Ljava/util/concurrent/atomic/AtomicInteger;Lorg/testng/internal/ITestInvoker$FailureContext;Ljava/util/Iterator;Z)Ljava/util/List;+127
j  org.testng.internal.TestInvoker$MethodInvocationAgent.invoke(I)I+313
j  org.testng.internal.TestInvoker.invokeTestMethods(Lorg/testng/ITestNGMethod;Lorg/testng/internal/ConfigurationGroupMethods;Ljava/lang/Object;Lorg/testng/ITestContext;)Ljava/util/List;+389
j  org.testng.internal.TestMethodWorker.invokeTestMethods(Lorg/testng/ITestNGMethod;Ljava/lang/Object;)V+14
j  org.testng.internal.TestMethodWorker.run()V+127
j  org.testng.TestRunner$$Lambda$181+0x0000000801153c68.accept(Ljava/lang/Object;)V+7
j  java.util.ArrayList.forEach(Ljava/util/function/Consumer;)V+46 java.base@20
j  org.testng.TestRunner.privateRun(Lorg/testng/xml/XmlTest;)V+380
j  org.testng.TestRunner.run()V+25
j  org.testng.SuiteRunner.runTest(Lorg/testng/TestRunner;)V+21
j  org.testng.SuiteRunner.runSequentially()V+31
j  org.testng.SuiteRunner.privateRun()V+332
j  org.testng.SuiteRunner.run()V+6
j  org.testng.SuiteRunnerWorker.runSuite(Lorg/testng/internal/SuiteRunnerMap;Lorg/testng/xml/XmlSuite;)V+87
j  org.testng.SuiteRunnerWorker.run()V+12
j  org.testng.TestNG.runSuitesSequentially(Lorg/testng/xml/XmlSuite;Lorg/testng/internal/SuiteRunnerMap;ILjava/lang/String;)V+66
j  org.testng.TestNG.runSuitesLocally()Ljava/util/List;+156
j  org.testng.TestNG.runSuites()Ljava/util/List;+1
j  org.testng.TestNG.run()V+25
j  org.testng.remote.AbstractRemoteTestNG.run()V+149
j  org.testng.remote.RemoteTestNG.initAndRun(Lorg/testng/remote/IRemoteTestNG;[Ljava/lang/String;Lorg/testng/CommandLineArgs;Lorg/testng/remote/RemoteArgs;)V+184
j  org.testng.remote.RemoteTestNG.main([Ljava/lang/String;)V+201
v  ~StubRoutines::call_stub 0x000001d70753100d

Compiled method (n/a)    8600  912     n 0       java.lang.ClassLoader::defineClass1 (native)
 total in heap  [0x000001d707b11510,0x000001d707b11b40] = 1584
 relocation     [0x000001d707b11658,0x000001d707b11690] = 56
 main code      [0x000001d707b116a0,0x000001d707b11b3e] = 1182
 stub code      [0x000001d707b11b3e,0x000001d707b11b40] = 2

[Constant Pool (empty)]

[MachCode]
[Entry Point]
  # {method} {0x0000000800435e60} 'defineClass1' '(Ljava/lang/ClassLoader;Ljava/lang/String;[BIILjava/security/ProtectionDomain;Ljava/lang/String;)Ljava/lang/Class;' in 'java/lang/ClassLoader'
  # parm0:    rdx:rdx   = 'java/lang/ClassLoader'
  # parm1:    r8:r8     = 'java/lang/String'
  # parm2:    r9:r9     = '[B'
  # parm3:    rdi       = int
  # parm4:    rsi       = int
  # parm5:    rcx:rcx   = 'java/security/ProtectionDomain'
  # parm6:    [sp+0xa0]   = 'java/lang/String'  (sp of caller)
  0x000001d707b116a0: 448b 5208 | 49bb 0000 | 0000 0800 | 0000 4d03 | d349 3bc2 | 0f84 0600 

  0x000001d707b116b8: ;   {runtime_call ic_miss_stub}
  0x000001d707b116b8: 0000 e941 | 27a8 ff90 
[Verified Entry Point]
  0x000001d707b116c0: 8984 2400 | 80ff ff55 | 488b ec48 | 81ec 9000 | 0000 6690 | 4181 7f20 | 0100 0000 

  0x000001d707b116dc: ;   {runtime_call StubRoutines (2)}
  0x000001d707b116dc: 7405 e89d | 85a6 ff48 | 837d 1000 | 488d 4510 | 480f 4445 | 1048 8944 | 2440 4889 | 4c24 7048 
  0x000001d707b116fc: 83f9 0048 | 8d44 2470 | 480f 4444 | 2470 4889 | 4424 3848 | 8974 2430 | 4889 7c24 | 284c 894c 
  0x000001d707b1171c: 2458 4983 | f900 488d | 4424 5848 | 0f44 4424 | 5848 8944 | 2420 4c89 | 4424 5049 | 83f8 004c 
  0x000001d707b1173c: 8d4c 2450 | 4c0f 444c | 2450 4889 | 5424 4848 | 83fa 004c | 8d44 2448 | 4c0f 4444 

  0x000001d707b11758: ;   {oop(a 'java/lang/Class'{0x00000007417cff38} = 'java/lang/ClassLoader')}
  0x000001d707b11758: 2448 49be | 38ff 7c41 | 0700 0000 | 4c89 7424 | 784c 8d74 | 2478 498b | d6c5 f877 

  0x000001d707b11774: ;   {internal_word}
  0x000001d707b11774: 49ba 7117 | b107 d701 | 0000 4d89 | 97c8 0200 | 0049 89a7 | c002 0000 

  0x000001d707b1178c: ;   {external_word}
  0x000001d707b1178c: 49ba f109 | a4a4 fd7f | 0000 4180 | 3a00 0f84 | 4e00 0000 | 5241 5041 

  0x000001d707b117a4: ;   {metadata({method} {0x0000000800435e60} 'defineClass1' '(Ljava/lang/ClassLoader;Ljava/lang/String;[BIILjava/security/ProtectionDomain;Ljava/lang/String;)Ljava/lang/Class;' in 'java/lang/ClassLoader')}
  0x000001d707b117a4: 5148 ba58 | 5e43 0008 | 0000 0049 | 8bcf 4883 | ec20 40f6 | c40f 0f84 | 1900 0000 | 4883 ec08 
  0x000001d707b117c4: ;   {runtime_call}
  0x000001d707b117c4: 48b8 a006 | 5ba4 fd7f | 0000 ffd0 | 4883 c408 | e90c 0000 

  0x000001d707b117d8: ;   {runtime_call}
  0x000001d707b117d8: 0048 b8a0 | 065b a4fd | 7f00 00ff | d048 83c4 | 2041 5941 | 585a 498d | 8fe0 0200 | 0041 c787 
  0x000001d707b117f8: 7403 0000 | 0400 0000 

  0x000001d707b11800: ;   {runtime_call}
  0x000001d707b11800: 48b8 ac16 | 8dde fd7f | 0000 ffd0 | c5f8 7741 | c787 7403 | 0000 0500 | 0000 f083 | 4424 c000 
  0x000001d707b11820: 493b af78 | 0300 000f | 870e 0000 | 0041 83bf | 7003 0000 | 000f 842b | 0000 00c5 | f877 4889 
  0x000001d707b11840: 45f8 498b | cf4c 8be4 | 4883 ec20 | 4883 e4f0 

  0x000001d707b11850: ;   {runtime_call}
  0x000001d707b11850: 48b8 60fc | 27a4 fd7f | 0000 ffd0 | 498b e44d | 33e4 488b | 45f8 41c7 | 8774 0300 | 0008 0000 
  0x000001d707b11870: 0041 83bf | f003 0000 | 020f 8492 

  0x000001d707b1187c: ;   {external_word}
  0x000001d707b1187c: 0200 0049 | baf1 09a4 | a4fd 7f00 | 0041 803a | 000f 844c | 0000 0048 

  0x000001d707b11894: ;   {metadata({method} {0x0000000800435e60} 'defineClass1' '(Ljava/lang/ClassLoader;Ljava/lang/String;[BIILjava/security/ProtectionDomain;Ljava/lang/String;)Ljava/lang/Class;' in 'java/lang/ClassLoader')}
  0x000001d707b11894: 8945 f848 | ba58 5e43 | 0008 0000 | 0049 8bcf | 4883 ec20 | 40f6 c40f | 0f84 1900 | 0000 4883 
  0x000001d707b118b4: ;   {runtime_call}
  0x000001d707b118b4: ec08 48b8 | a006 5ba4 | fd7f 0000 | ffd0 4883 | c408 e90c 

  0x000001d707b118c8: ;   {runtime_call}
  0x000001d707b118c8: 0000 0048 | b8a0 065b | a4fd 7f00 | 00ff d048 | 83c4 2048 | 8b45 f849 | c787 c002 | 0000 0000 
  0x000001d707b118e8: 0000 49c7 | 87c8 0200 | 0000 0000 | 00c5 f877 | 4885 c00f | 84ed 0100 | 00a8 010f | 84e2 0100 
  0x000001d707b11908: 0048 8b40 | ff41 807f | 4000 0f84 | ce01 0000 | 4883 f800 | 0f84 c401 | 0000 498b | 4f28 4883 
  0x000001d707b11928: f900 0f84 | 1400 0000 | 4883 e908 | 4989 4f28 | 4903 4f38 | 4889 01e9 | a201 0000 | 4881 ecd0 
  0x000001d707b11948: 0000 0048 | 8904 2448 | 894c 2408 | 4889 5424 | 1048 8974 | 2418 4889 | 7c24 204c | 8944 2428 
  0x000001d707b11968: 4c89 4c24 | 304c 8954 | 2438 4c89 | 5c24 40c5 | fb11 4424 | 50c5 fb11 | 4c24 58c5 | fb11 5424 
  0x000001d707b11988: 60c5 fb11 | 5c24 68c5 | fb11 6424 | 70c5 fb11 | 6c24 78c5 | fb11 b424 | 8000 0000 | c5fb 11bc 
  0x000001d707b119a8: 2488 0000 | 00c5 7b11 | 8424 9000 | 0000 c57b | 118c 2498 | 0000 00c5 | 7b11 9424 | a000 0000 
  0x000001d707b119c8: c57b 119c | 24a8 0000 | 00c5 7b11 | a424 b000 | 0000 c57b | 11ac 24b8 | 0000 00c5 | 7b11 b424 
  0x000001d707b119e8: c000 0000 | c57b 11bc | 24c8 0000 | 0049 8bd7 | 488b c848 | 83ec 2040 | f6c4 0f0f | 8419 0000 
  0x000001d707b11a08: 0048 83ec 

  0x000001d707b11a0c: ;   {runtime_call}
  0x000001d707b11a0c: 0848 b800 | 3d1b a4fd | 7f00 00ff | d048 83c4 | 08e9 0c00 

  0x000001d707b11a20: ;   {runtime_call}
  0x000001d707b11a20: 0000 48b8 | 003d 1ba4 | fd7f 0000 | ffd0 4883 | c420 c57b | 10bc 24c8 | 0000 00c5 | 7b10 b424 
  0x000001d707b11a40: c000 0000 | c57b 10ac | 24b8 0000 | 00c5 7b10 | a424 b000 | 0000 c57b | 109c 24a8 | 0000 00c5 
  0x000001d707b11a60: 7b10 9424 | a000 0000 | c57b 108c | 2498 0000 | 00c5 7b10 | 8424 9000 | 0000 c5fb | 10bc 2488 
  0x000001d707b11a80: 0000 00c5 | fb10 b424 | 8000 0000 | c5fb 106c | 2478 c5fb | 1064 2470 | c5fb 105c | 2468 c5fb 
  0x000001d707b11aa0: 1054 2460 | c5fb 104c | 2458 c5fb | 1044 2450 | 4c8b 5c24 | 404c 8b54 | 2438 4c8b | 4c24 304c 
  0x000001d707b11ac0: 8b44 2428 | 488b 7c24 | 2048 8b74 | 2418 488b | 5424 1048 | 8b4c 2408 | 488b 0424 | 4881 c4d0 
  0x000001d707b11ae0: 0000 00c5 | f877 e903 | 0000 0048 | 8b00 498b | 8f50 0300 | 00c7 8100 | 0100 0000 | 0000 00c9 
  0x000001d707b11b00: 4983 7f08 | 000f 8501 | 0000 00c3 

  0x000001d707b11b0c: ;   {runtime_call StubRoutines (1)}
  0x000001d707b11b0c: e9ef f3a1 | ffc5 f877 | 4889 45f8 | 4c8b e448 | 83ec 2048 

  0x000001d707b11b20: ;   {runtime_call}
  0x000001d707b11b20: 83e4 f048 | b840 3d5b | a4fd 7f00 | 00ff d049 | 8be4 4d33 | e448 8b45 | f8e9 41fd | ffff f4f4 
[/MachCode]


Compiled method (c1)    8697 1172       3       java.lang.ClassLoader::defineClass (43 bytes)
 total in heap  [0x000001d700204f10,0x000001d700205840] = 2352
 relocation     [0x000001d700205058,0x000001d7002050f0] = 152
 main code      [0x000001d700205100,0x000001d700205598] = 1176
 stub code      [0x000001d700205598,0x000001d700205610] = 120
 metadata       [0x000001d700205610,0x000001d700205640] = 48
 scopes data    [0x000001d700205640,0x000001d700205730] = 240
 scopes pcs     [0x000001d700205730,0x000001d700205810] = 224
 dependencies   [0x000001d700205810,0x000001d700205818] = 8
 nul chk table  [0x000001d700205818,0x000001d700205840] = 40

[Constant Pool (empty)]

[MachCode]
[Entry Point]
  # {method} {0x0000000800436188} 'defineClass' '(Ljava/lang/String;[BIILjava/security/ProtectionDomain;)Ljava/lang/Class;' in 'java/lang/ClassLoader'
  # this:     rdx:rdx   = 'java/lang/ClassLoader'
  # parm0:    r8:r8     = 'java/lang/String'
  # parm1:    r9:r9     = '[B'
  # parm2:    rdi       = int
  # parm3:    rsi       = int
  # parm4:    rcx:rcx   = 'java/security/ProtectionDomain'
  #           [sp+0xc0]  (sp of caller)
  0x000001d700205100: 448b 5208 | 49bb 0000 | 0000 0800 | 0000 4d03 | d34c 3bd0 

  0x000001d700205114: ;   {runtime_call ic_miss_stub}
  0x000001d700205114: 0f85 e6ec | 3807 660f | 1f44 0000 
[Verified Entry Point]
  0x000001d700205120: 8984 2400 | 80ff ff55 | 4881 ecb0 | 0000 0090 | 4181 7f20 | 0100 0000 

  0x000001d700205138: ;   {runtime_call StubRoutines (2)}
  0x000001d700205138: 7405 e841 | 4b37 0748 | 8954 2478 

  0x000001d700205144: ;   {metadata(method data for {method} {0x0000000800436188} 'defineClass' '(Ljava/lang/String;[BIILjava/security/ProtectionDomain;)Ljava/lang/Class;' in 'java/lang/ClassLoader')}
  0x000001d700205144: 48bb 6870 | 7711 d701 | 0000 8b83 | cc00 0000 | 83c0 0289 | 83cc 0000 | 0025 fe07 | 0000 83f8 
  0x000001d700205164: 000f 844f | 0300 0089 | b424 9400 | 0000 89bc | 2490 0000 | 004c 898c | 2488 0000 | 0048 8bda 
  0x000001d700205184: ;   {metadata(method data for {method} {0x0000000800436188} 'defineClass' '(Ljava/lang/String;[BIILjava/security/ProtectionDomain;)Ljava/lang/Class;' in 'java/lang/ClassLoader')}
  0x000001d700205184: 48b8 6870 | 7711 d701 | 0000 4883 | 8010 0100 | 0001 498b | d84c 8bc3 | 4c8b c948 | 8bca 488b 
  0x000001d7002051a4: d148 899c | 2480 0000 

  0x000001d7002051ac: ;   {optimized virtual_call}
  0x000001d7002051ac: 0066 90e8 

  0x000001d7002051b0: ; ImmutableOopMap {[120]=Oop [128]=Oop [136]=Oop }
                      ;*invokevirtual preDefineClass {reexecute=0 rethrow=0 return_oop=0}
                      ; - java.lang.ClassLoader::defineClass@4 (line 1011)
  0x000001d7002051b0: 2c54 1000 | 4889 8424 | 9800 0000 | 488b 5424 

  0x000001d7002051c0: ;   {metadata(method data for {method} {0x0000000800436188} 'defineClass' '(Ljava/lang/String;[BIILjava/security/ProtectionDomain;)Ljava/lang/Class;' in 'java/lang/ClassLoader')}
  0x000001d7002051c0: 7849 b868 | 7077 11d7 | 0100 0049 | 8380 4801 

  0x000001d7002051d0: ;   {metadata(method data for {method} {0x0000000800435ec8} 'defineClassSourceLocation' '(Ljava/security/ProtectionDomain;)Ljava/lang/String;' in 'java/lang/ClassLoader')}
  0x000001d7002051d0: 0000 0149 | b880 7777 | 11d7 0100 | 0041 8b90 | cc00 0000 | 83c2 0241 | 8990 cc00 | 0000 81e2 
  0x000001d7002051f0: feff 1f00 | 83fa 000f | 84de 0200 | 0048 3b00 

  0x000001d700205200: ;   {metadata(method data for {method} {0x0000000800435ec8} 'defineClassSourceLocation' '(Ljava/security/ProtectionDomain;)Ljava/lang/String;' in 'java/lang/ClassLoader')}
  0x000001d700205200: 4c8b c048 | ba80 7777 | 11d7 0100 | 0048 8382 | 1001 0000 | 0144 8b40 | 1049 c1e0 | 0349 83f8 
  0x000001d700205220: ;   {metadata(method data for {method} {0x0000000800435ec8} 'defineClassSourceLocation' '(Ljava/security/ProtectionDomain;)Ljava/lang/String;' in 'java/lang/ClassLoader')}
  0x000001d700205220: 0048 ba80 | 7777 11d7 | 0100 0048 | be58 0100 | 0000 0000 | 000f 850a | 0000 0048 | be48 0100 
  0x000001d700205240: 0000 0000 | 0048 8b3c | 3248 8d7f | 0148 893c | 320f 850f 

  0x000001d700205254: ;   {oop(NULL)}
  0x000001d700205254: 0000 0048 | bb00 0000 | 0000 0000 | 00e9 a901 | 0000 493b | 0049 8bd0 

  0x000001d70020526c: ;   {metadata(method data for {method} {0x0000000800435ec8} 'defineClassSourceLocation' '(Ljava/security/ProtectionDomain;)Ljava/lang/String;' in 'java/lang/ClassLoader')}
  0x000001d70020526c: 48be 8077 | 7711 d701 | 0000 4883 | 8668 0100 | 0001 418b | 500c 48c1 | e203 4883 

  0x000001d700205288: ;   {metadata(method data for {method} {0x0000000800435ec8} 'defineClassSourceLocation' '(Ljava/security/ProtectionDomain;)Ljava/lang/String;' in 'java/lang/ClassLoader')}
  0x000001d700205288: fa00 48be | 8077 7711 | d701 0000 | 48bf b001 | 0000 0000 | 0000 0f85 | 0a00 0000 | 48bf a001 
  0x000001d7002052a8: 0000 0000 | 0000 488b | 1c3e 488d | 5b01 4889 | 1c3e 0f85 | 0f00 0000 

  0x000001d7002052c0: ;   {oop(NULL)}
  0x000001d7002052c0: 48bb 0000 | 0000 0000 | 0000 e940 

  0x000001d7002052cc: ;   {metadata(method data for {method} {0x0000000800435ec8} 'defineClassSourceLocation' '(Ljava/security/ProtectionDomain;)Ljava/lang/String;' in 'java/lang/ClassLoader')}
  0x000001d7002052cc: 0100 0048 | be80 7777 | 11d7 0100 | 0048 8386 | c001 0000 | 0148 3b02 

  0x000001d7002052e4: ;   {metadata(method data for {method} {0x0000000800435ec8} 'defineClassSourceLocation' '(Ljava/security/ProtectionDomain;)Ljava/lang/String;' in 'java/lang/ClassLoader')}
  0x000001d7002052e4: 4c8b c248 | be80 7777 | 11d7 0100 | 0048 8386 | f801 0000 

  0x000001d7002052f8: ;   {metadata(method data for {method} {0x000000080001b3e0} 'toString' '()Ljava/lang/String;' in 'java/net/URL')}
  0x000001d7002052f8: 0149 b828 | 1273 11d7 | 0100 0041 | 8bb0 cc00 | 0000 83c6 | 0241 89b0 | cc00 0000 | 81e6 feff 
  0x000001d700205318: 1f00 83fe | 000f 84e8 | 0100 004c 

  0x000001d700205324: ;   {metadata(method data for {method} {0x000000080001b3e0} 'toString' '()Ljava/lang/String;' in 'java/net/URL')}
  0x000001d700205324: 8bc2 48be | 2812 7311 | d701 0000 | 4883 8610 | 0100 0001 

  0x000001d700205338: ;   {metadata(method data for {method} {0x00000008004299c0} 'toExternalForm' '()Ljava/lang/String;' in 'java/net/URL')}
  0x000001d700205338: 49b8 b013 | 7311 d701 | 0000 418b | b0cc 0000 | 0083 c602 | 4189 b0cc | 0000 0081 | e6fe ff1f 
  0x000001d700205358: 0083 fe00 | 0f84 ca01 | 0000 8b72 | 3848 c1e6 | 0348 3b06 

  0x000001d70020536c: ;   {metadata(method data for {method} {0x00000008004299c0} 'toExternalForm' '()Ljava/lang/String;' in 'java/net/URL')}
  0x000001d70020536c: 4c8b c648 | bfb0 1373 | 11d7 0100 | 0045 8b40 | 0849 ba00 | 0000 0008 | 0000 004d | 03c2 4c3b 
  0x000001d70020538c: 8720 0100 | 0075 0d48 | 8387 2801 | 0000 01e9 | 6000 0000 | 4c3b 8730 | 0100 0075 | 0d48 8387 
  0x000001d7002053ac: 3801 0000 | 01e9 4a00 | 0000 4883 | bf20 0100 | 0000 7517 | 4c89 8720 | 0100 0048 | c787 2801 
  0x000001d7002053cc: 0000 0100 | 0000 e929 | 0000 0048 | 83bf 3001 | 0000 0075 | 174c 8987 | 3001 0000 | 48c7 8738 
  0x000001d7002053ec: 0100 0001 | 0000 00e9 | 0800 0000 | 4883 8710 | 0100 0001 | 4c8b c248 

  0x000001d700205404: ;   {optimized virtual_call}
  0x000001d700205404: 8bd6 90e8 

  0x000001d700205408: ; ImmutableOopMap {[120]=Oop [128]=Oop [136]=Oop [152]=Oop }
                      ;*invokevirtual toExternalForm {reexecute=0 rethrow=0 return_oop=0}
                      ; - java.net.URL::toExternalForm@5 (line 1195)
                      ; - java.net.URL::toString@1 (line 1181)
                      ; - java.lang.ClassLoader::defineClassSourceLocation@22 (line 913)
                      ; - java.lang.ClassLoader::defineClass@12 (line 1012)
  0x000001d700205408: d4ba f8ff | 488b d848 | 8b84 2498 | 0000 008b | b424 9400 | 0000 8bbc | 2490 0000 | 004c 8b8c 
  0x000001d700205428: 2488 0000 | 004c 8b84 | 2480 0000 | 0048 8b54 

  0x000001d700205438: ;   {metadata(method data for {method} {0x0000000800436188} 'defineClass' '(Ljava/lang/String;[BIILjava/security/ProtectionDomain;)Ljava/lang/Class;' in 'java/lang/ClassLoader')}
  0x000001d700205438: 2478 48b9 | 6870 7711 | d701 0000 | 4883 8180 | 0100 0001 | 4c8b da49 | 8bd3 488b | c848 891c 
  0x000001d700205458: 2466 0f1f 

  0x000001d70020545c: ;   {static_call}
  0x000001d70020545c: 4400 00e8 

  0x000001d700205460: ; ImmutableOopMap {[120]=Oop [152]=Oop }
                      ;*invokestatic defineClass1 {reexecute=0 rethrow=0 return_oop=0}
                      ; - java.lang.ClassLoader::defineClass@27 (line 1013)
  0x000001d700205460: 5cc2 9007 | 488b 5424 

  0x000001d700205468: ;   {metadata(method data for {method} {0x0000000800436188} 'defineClass' '(Ljava/lang/String;[BIILjava/security/ProtectionDomain;)Ljava/lang/Class;' in 'java/lang/ClassLoader')}
  0x000001d700205468: 7849 b868 | 7077 11d7 | 0100 0049 | 8380 9001 | 0000 014c | 8bc0 4c8b | 8c24 9800 | 0000 488b 
  0x000001d700205488: 5424 7848 | 8984 24a0 | 0000 000f 

  0x000001d700205494: ;   {optimized virtual_call}
  0x000001d700205494: 1f40 00e8 

  0x000001d700205498: ; ImmutableOopMap {[160]=Oop }
                      ;*invokevirtual postDefineClass {reexecute=0 rethrow=0 return_oop=0}
                      ; - java.lang.ClassLoader::defineClass@37 (line 1014)
  0x000001d700205498: 6445 1000 | 488b 8424 | a000 0000 | 4881 c4b0 | 0000 005d 

  0x000001d7002054ac: ;   {poll_return}
  0x000001d7002054ac: 493b a778 | 0300 000f | 8799 0000 

  0x000001d7002054b8: ;   {metadata({method} {0x0000000800436188} 'defineClass' '(Ljava/lang/String;[BIILjava/security/ProtectionDomain;)Ljava/lang/Class;' in 'java/lang/ClassLoader')}
  0x000001d7002054b8: 00c3 49ba | 8061 4300 | 0800 0000 | 4c89 5424 | 0848 c704 | 24ff ffff 

  0x000001d7002054d0: ;   {runtime_call counter_overflow Runtime1 stub}
  0x000001d7002054d0: ffe8 aa1e 

  0x000001d7002054d4: ; ImmutableOopMap {rdx=Oop r8=Oop r9=Oop rcx=Oop [120]=Oop }
                      ;*synchronization entry
                      ; - java.lang.ClassLoader::defineClass@-1 (line 1011)
  0x000001d7002054d4: 4507 e990 

  0x000001d7002054d8: ;   {metadata({method} {0x0000000800435ec8} 'defineClassSourceLocation' '(Ljava/security/ProtectionDomain;)Ljava/lang/String;' in 'java/lang/ClassLoader')}
  0x000001d7002054d8: fcff ff49 | bac0 5e43 | 0008 0000 | 004c 8954 | 2408 48c7 | 0424 ffff 

  0x000001d7002054f0: ;   {runtime_call counter_overflow Runtime1 stub}
  0x000001d7002054f0: ffff e889 

  0x000001d7002054f4: ; ImmutableOopMap {rax=Oop [120]=Oop [128]=Oop [136]=Oop [152]=Oop }
                      ;*synchronization entry
                      ; - java.lang.ClassLoader::defineClassSourceLocation@-1 (line 910)
                      ; - java.lang.ClassLoader::defineClass@12 (line 1012)
  0x000001d7002054f4: 1e45 07e9 | 01fd ffff 

  0x000001d7002054fc: ;   {runtime_call throw_null_pointer_exception Runtime1 stub}
  0x000001d7002054fc: e8ff ed3b 

  0x000001d700205500: ; ImmutableOopMap {rax=Oop [120]=Oop [128]=Oop [136]=Oop [152]=Oop }
                      ;*invokevirtual getCodeSource {reexecute=0 rethrow=0 return_oop=0}
                      ; - java.lang.ClassLoader::defineClassSourceLocation@1 (line 910)
                      ; - java.lang.ClassLoader::defineClass@12 (line 1012)
                      ;   {runtime_call throw_null_pointer_exception Runtime1 stub}
  0x000001d700205500: 07e8 faed 

  0x000001d700205504: ; ImmutableOopMap {rax=Oop r8=Oop [120]=Oop [128]=Oop [136]=Oop [152]=Oop }
                      ;*invokevirtual getLocation {reexecute=0 rethrow=0 return_oop=0}
                      ; - java.lang.ClassLoader::defineClassSourceLocation@12 (line 912)
                      ; - java.lang.ClassLoader::defineClass@12 (line 1012)
                      ;   {runtime_call throw_null_pointer_exception Runtime1 stub}
  0x000001d700205504: 3b07 e8f5 

  0x000001d700205508: ; ImmutableOopMap {rdx=Oop [120]=Oop [128]=Oop [136]=Oop [152]=Oop }
                      ;*invokevirtual toString {reexecute=0 rethrow=0 return_oop=0}
                      ; - java.lang.ClassLoader::defineClassSourceLocation@22 (line 913)
                      ; - java.lang.ClassLoader::defineClass@12 (line 1012)
                      ;   {metadata({method} {0x000000080001b3e0} 'toString' '()Ljava/lang/String;' in 'java/net/URL')}
  0x000001d700205508: ed3b 0749 | bad8 b301 | 0008 0000 | 004c 8954 | 2408 48c7 | 0424 ffff 

  0x000001d700205520: ;   {runtime_call counter_overflow Runtime1 stub}
  0x000001d700205520: ffff e859 

  0x000001d700205524: ; ImmutableOopMap {rdx=Oop [120]=Oop [128]=Oop [136]=Oop [152]=Oop }
                      ;*synchronization entry
                      ; - java.net.URL::toString@-1 (line 1181)
                      ; - java.lang.ClassLoader::defineClassSourceLocation@22 (line 913)
                      ; - java.lang.ClassLoader::defineClass@12 (line 1012)
  0x000001d700205524: 1e45 07e9 | f7fd ffff 

  0x000001d70020552c: ;   {metadata({method} {0x00000008004299c0} 'toExternalForm' '()Ljava/lang/String;' in 'java/net/URL')}
  0x000001d70020552c: 49ba b899 | 4200 0800 | 0000 4c89 | 5424 0848 | c704 24ff 

  0x000001d700205540: ;   {runtime_call counter_overflow Runtime1 stub}
  0x000001d700205540: ffff ffe8 

  0x000001d700205544: ; ImmutableOopMap {rdx=Oop [120]=Oop [128]=Oop [136]=Oop [152]=Oop }
                      ;*synchronization entry
                      ; - java.net.URL::toExternalForm@-1 (line 1195)
                      ; - java.net.URL::toString@1 (line 1181)
                      ; - java.lang.ClassLoader::defineClassSourceLocation@22 (line 913)
                      ; - java.lang.ClassLoader::defineClass@12 (line 1012)
  0x000001d700205544: 381e 4507 | e915 feff 

  0x000001d70020554c: ;   {runtime_call throw_null_pointer_exception Runtime1 stub}
  0x000001d70020554c: ffe8 aeed 

  0x000001d700205550: ; ImmutableOopMap {rdx=Oop rsi=Oop [120]=Oop [128]=Oop [136]=Oop [152]=Oop }
                      ;*invokevirtual toExternalForm {reexecute=0 rethrow=0 return_oop=0}
                      ; - java.net.URL::toExternalForm@5 (line 1195)
                      ; - java.net.URL::toString@1 (line 1181)
                      ; - java.lang.ClassLoader::defineClassSourceLocation@22 (line 913)
                      ; - java.lang.ClassLoader::defineClass@12 (line 1012)
                      ;   {internal_word}
  0x000001d700205550: 3b07 49ba | ac54 2000 | d701 0000 | 4d89 9790 

  0x000001d700205560: ;   {runtime_call SafepointBlob}
  0x000001d700205560: 0300 00e9 | 1858 3907 | 498b 8728 | 0400 0049 | c787 2804 | 0000 0000 | 0000 49c7 | 8730 0400 
  0x000001d700205580: 0000 0000 | 0048 81c4 | b000 0000 

  0x000001d70020558c: ;   {runtime_call unwind_exception Runtime1 stub}
  0x000001d70020558c: 5de9 6efc | 3b07 f4f4 | f4f4 f4f4 
[Stub Code]
  0x000001d700205598: ;   {no_reloc}
  0x000001d700205598: 0f1f 4400 

  0x000001d70020559c: ;   {static_stub}
  0x000001d70020559c: 0048 bb00 | 0000 0000 

  0x000001d7002055a4: ;   {runtime_call}
  0x000001d7002055a4: 0000 00e9 | fbff ffff 
[Exception Handler]
  0x000001d7002055ac: ;   {runtime_call handle_exception_from_callee Runtime1 stub}
  0x000001d7002055ac: e84f cf3b 

  0x000001d7002055b0: ;   {external_word}
  0x000001d7002055b0: 0748 b9b0 | 237e a4fd | 7f00 0048 

  0x000001d7002055bc: ;   {runtime_call}
  0x000001d7002055bc: 83e4 f048 | b820 164a | a4fd 7f00 | 00ff d0f4 
[Deopt Handler Code]
  0x000001d7002055cc: ;   {section_word}
  0x000001d7002055cc: 49ba cc55 | 2000 d701 | 0000 4152 

  0x000001d7002055d8: ;   {runtime_call DeoptimizationBlob}
  0x000001d7002055d8: e943 4a39 

  0x000001d7002055dc: ;   {static_stub}
  0x000001d7002055dc: 0748 bb18 | 5f43 0008 

  0x000001d7002055e4: ;   {runtime_call I2C/C2I adapters}
  0x000001d7002055e4: 0000 00e9 | efad 3807 

  0x000001d7002055ec: ;   {static_stub}
  0x000001d7002055ec: 48bb 0000 | 0000 0000 

  0x000001d7002055f4: ;   {runtime_call}
  0x000001d7002055f4: 0000 e9fb 

  0x000001d7002055f8: ;   {static_stub}
  0x000001d7002055f8: ffff ff48 | bb00 5e43 | 0008 0000 

  0x000001d700205604: ;   {runtime_call I2C/C2I adapters}
  0x000001d700205604: 00e9 d1ad | 3807 f4f4 | f4f4 f4f4 
[/MachCode]


Compiled method (c1)    8847 1589       3       java.security.SecureClassLoader::defineClass (16 bytes)
 total in heap  [0x000001d7002b0290,0x000001d7002b0660] = 976
 relocation     [0x000001d7002b03d8,0x000001d7002b0420] = 72
 main code      [0x000001d7002b0420,0x000001d7002b0568] = 328
 stub code      [0x000001d7002b0568,0x000001d7002b05b8] = 80
 metadata       [0x000001d7002b05b8,0x000001d7002b05c0] = 8
 scopes data    [0x000001d7002b05c0,0x000001d7002b0608] = 72
 scopes pcs     [0x000001d7002b0608,0x000001d7002b0658] = 80
 dependencies   [0x000001d7002b0658,0x000001d7002b0660] = 8

[Constant Pool (empty)]

[MachCode]
[Entry Point]
  # {method} {0x000000080004dc48} 'defineClass' '(Ljava/lang/String;[BIILjava/security/CodeSource;)Ljava/lang/Class;' in 'java/security/SecureClassLoader'
  # this:     rdx:rdx   = 'java/security/SecureClassLoader'
  # parm0:    r8:r8     = 'java/lang/String'
  # parm1:    r9:r9     = '[B'
  # parm2:    rdi       = int
  # parm3:    rsi       = int
  # parm4:    rcx:rcx   = 'java/security/CodeSource'
  #           [sp+0x80]  (sp of caller)
  0x000001d7002b0420: 448b 5208 | 49bb 0000 | 0000 0800 | 0000 4d03 | d34c 3bd0 

  0x000001d7002b0434: ;   {runtime_call ic_miss_stub}
  0x000001d7002b0434: 0f85 c639 | 2e07 660f | 1f44 0000 
[Verified Entry Point]
  0x000001d7002b0440: 8984 2400 | 80ff ff55 | 4883 ec70 | 4181 7f20 | 0100 0000 

  0x000001d7002b0454: ;   {runtime_call StubRoutines (2)}
  0x000001d7002b0454: 7405 e825 

  0x000001d7002b0458: ;   {metadata(method data for {method} {0x000000080004dc48} 'defineClass' '(Ljava/lang/String;[BIILjava/security/CodeSource;)Ljava/lang/Class;' in 'java/security/SecureClassLoader')}
  0x000001d7002b0458: 982c 0748 | bbd0 fc74 | 11d7 0100 | 008b 83cc | 0000 0083 | c002 8983 | cc00 0000 | 25fe 0700 
  0x000001d7002b0478: 0083 f800 | 0f84 8500 | 0000 8974 | 245c 897c | 2458 4c89 | 4c24 504c | 8944 2448 

  0x000001d7002b0494: ;   {metadata(method data for {method} {0x000000080004dc48} 'defineClass' '(Ljava/lang/String;[BIILjava/security/CodeSource;)Ljava/lang/Class;' in 'java/security/SecureClassLoader')}
  0x000001d7002b0494: 488b da48 | b8d0 fc74 | 11d7 0100 | 0048 8380 | 1001 0000 | 014c 8bc1 | 488b c248 | 8bd0 4889 
  0x000001d7002b04b4: ;   {optimized virtual_call}
  0x000001d7002b04b4: 4424 40e8 

  0x000001d7002b04b8: ; ImmutableOopMap {[64]=Oop [72]=Oop [80]=Oop }
                      ;*invokevirtual getProtectionDomain {reexecute=0 rethrow=0 return_oop=0}
                      ; - java.security.SecureClassLoader::defineClass@9 (line 150)
  0x000001d7002b04b8: e48b f4ff | 488b 5424 

  0x000001d7002b04c0: ;   {metadata(method data for {method} {0x000000080004dc48} 'defineClass' '(Ljava/lang/String;[BIILjava/security/CodeSource;)Ljava/lang/Class;' in 'java/security/SecureClassLoader')}
  0x000001d7002b04c0: 4049 b8d0 | fc74 11d7 | 0100 0049 | 8380 4801 | 0000 014c | 8b44 2448 | 4c8b 4c24 | 508b 7c24 
  0x000001d7002b04e0: 588b 7424 | 5c48 8bc8 | 488b 5424 

  0x000001d7002b04ec: ;   {optimized virtual_call}
  0x000001d7002b04ec: 4066 90e8 

  0x000001d7002b04f0: ; ImmutableOopMap {}
                      ;*invokevirtual defineClass {reexecute=0 rethrow=0 return_oop=0}
                      ; - java.security.SecureClassLoader::defineClass@12 (line 150)
  0x000001d7002b04f0: 2c4c f5ff | 4883 c470 

  0x000001d7002b04f8: ;   {poll_return}
  0x000001d7002b04f8: 5d49 3ba7 | 7803 0000 | 0f87 2200 

  0x000001d7002b0504: ;   {metadata({method} {0x000000080004dc48} 'defineClass' '(Ljava/lang/String;[BIILjava/security/CodeSource;)Ljava/lang/Class;' in 'java/security/SecureClassLoader')}
  0x000001d7002b0504: 0000 c349 | ba40 dc04 | 0008 0000 | 004c 8954 | 2408 48c7 | 0424 ffff 

  0x000001d7002b051c: ;   {runtime_call counter_overflow Runtime1 stub}
  0x000001d7002b051c: ffff e85d 

  0x000001d7002b0520: ; ImmutableOopMap {rdx=Oop r8=Oop r9=Oop rcx=Oop }
                      ;*synchronization entry
                      ; - java.security.SecureClassLoader::defineClass@-1 (line 150)
  0x000001d7002b0520: 6e3a 07e9 | 5aff ffff 

  0x000001d7002b0528: ;   {internal_word}
  0x000001d7002b0528: 49ba f904 | 2b00 d701 | 0000 4d89 | 9790 0300 

  0x000001d7002b0538: ;   {runtime_call SafepointBlob}
  0x000001d7002b0538: 00e9 42a8 | 2e07 498b | 8728 0400 | 0049 c787 | 2804 0000 | 0000 0000 | 49c7 8730 | 0400 0000 
  0x000001d7002b0558: 0000 0048 | 83c4 705d 

  0x000001d7002b0560: ;   {runtime_call unwind_exception Runtime1 stub}
  0x000001d7002b0560: e99b 4c31 | 07f4 f4f4 
[Exception Handler]
  0x000001d7002b0568: ;   {no_reloc}
  0x000001d7002b0568: e893 1f31 

  0x000001d7002b056c: ;   {external_word}
  0x000001d7002b056c: 0748 b9b0 | 237e a4fd | 7f00 0048 

  0x000001d7002b0578: ;   {runtime_call}
  0x000001d7002b0578: 83e4 f048 | b820 164a | a4fd 7f00 | 00ff d0f4 
[Deopt Handler Code]
  0x000001d7002b0588: ;   {section_word}
  0x000001d7002b0588: 49ba 8805 | 2b00 d701 | 0000 4152 

  0x000001d7002b0594: ;   {runtime_call DeoptimizationBlob}
  0x000001d7002b0594: e987 9a2e 

  0x000001d7002b0598: ;   {static_stub}
  0x000001d7002b0598: 0748 bb00 | 0000 0000 

  0x000001d7002b05a0: ;   {runtime_call}
  0x000001d7002b05a0: 0000 00e9 | fbff ffff 

  0x000001d7002b05a8: ;   {static_stub}
  0x000001d7002b05a8: 48bb 0000 | 0000 0000 

  0x000001d7002b05b0: ;   {runtime_call}
  0x000001d7002b05b0: 0000 e9fb | ffff fff4 
[/MachCode]


---------------  P R O C E S S  ---------------

Threads class SMR info:
_java_thread_list=0x000001d71550aab0, length=15, elements={
0x000001d773a9b630, 0x000001d711284e80, 0x000001d711285c80, 0x000001d711286de0,
0x000001d71128a740, 0x000001d71128b080, 0x000001d71128c9d0, 0x000001d71128d640,
0x000001d711305820, 0x000001d7155c83e0, 0x000001d7155cfd80, 0x000001d7158fdcb0,
0x000001d7160c6350, 0x000001d7160c68a0, 0x000001d7160c6df0
}

Java Threads: ( => current thread )
=>0x000001d773a9b630 JavaThread "main" [_thread_in_vm, id=78300, stack(0x0000002fd3500000,0x0000002fd3600000)]
  0x000001d711284e80 JavaThread "Reference Handler" daemon [_thread_blocked, id=81184, stack(0x0000002fd3c00000,0x0000002fd3d00000)]
  0x000001d711285c80 JavaThread "Finalizer" daemon [_thread_blocked, id=82304, stack(0x0000002fd3d00000,0x0000002fd3e00000)]
  0x000001d711286de0 JavaThread "Signal Dispatcher" daemon [_thread_blocked, id=81908, stack(0x0000002fd3e00000,0x0000002fd3f00000)]
  0x000001d71128a740 JavaThread "Attach Listener" daemon [_thread_blocked, id=76820, stack(0x0000002fd3f00000,0x0000002fd4000000)]
  0x000001d71128b080 JavaThread "Service Thread" daemon [_thread_blocked, id=71200, stack(0x0000002fd4000000,0x0000002fd4100000)]
  0x000001d71128c9d0 JavaThread "Monitor Deflation Thread" daemon [_thread_blocked, id=62420, stack(0x0000002fd4100000,0x0000002fd4200000)]
  0x000001d71128d640 JavaThread "C2 CompilerThread0" daemon [_thread_blocked, id=51624, stack(0x0000002fd4200000,0x0000002fd4300000)]
  0x000001d711305820 JavaThread "C1 CompilerThread0" daemon [_thread_blocked, id=62552, stack(0x0000002fd4300000,0x0000002fd4400000)]
  0x000001d7155c83e0 JavaThread "Notification Thread" daemon [_thread_blocked, id=76132, stack(0x0000002fd4400000,0x0000002fd4500000)]
  0x000001d7155cfd80 JavaThread "Common-Cleaner" daemon [_thread_blocked, id=79312, stack(0x0000002fd4600000,0x0000002fd4700000)]
  0x000001d7158fdcb0 JavaThread "ReaderThread" [_thread_in_native, id=78964, stack(0x0000002fd4800000,0x0000002fd4900000)]
  0x000001d7160c6350 JavaThread "ForkJoinPool.commonPool-worker-1" daemon [_thread_blocked, id=78660, stack(0x0000002fd4c00000,0x0000002fd4d00000)]
  0x000001d7160c68a0 JavaThread "ForkJoinPool.commonPool-worker-2" daemon [_thread_blocked, id=79692, stack(0x0000002fd4d00000,0x0000002fd4e00000)]
  0x000001d7160c6df0 JavaThread "ForkJoinPool.commonPool-worker-3" daemon [_thread_blocked, id=80936, stack(0x0000002fd4e00000,0x0000002fd4f00000)]

Other Threads:
  0x000001d711263790 VMThread "VM Thread" [stack: 0x0000002fd3b00000,0x0000002fd3c00000] [id=80516]
  0x000001d7155cb150 WatcherThread "VM Periodic Task Thread" [stack: 0x0000002fd4500000,0x0000002fd4600000] [id=80240]
  0x000001d773af9d10 WorkerThread "GC Thread#0" [stack: 0x0000002fd3600000,0x0000002fd3700000] [id=82004]
  0x000001d715b71480 WorkerThread "GC Thread#1" [stack: 0x0000002fd4900000,0x0000002fd4a00000] [id=81616]
  0x000001d715b8bfd0 WorkerThread "GC Thread#2" [stack: 0x0000002fd4a00000,0x0000002fd4b00000] [id=82164]
  0x000001d715b8c2a0 WorkerThread "GC Thread#3" [stack: 0x0000002fd4b00000,0x0000002fd4c00000] [id=82856]
  0x000001d773b06ae0 ConcurrentGCThread "G1 Main Marker" [stack: 0x0000002fd3700000,0x0000002fd3800000] [id=82072]
  0x000001d773b07e50 WorkerThread "G1 Conc#0" [stack: 0x0000002fd3800000,0x0000002fd3900000] [id=82448]
  0x000001d7111314b0 ConcurrentGCThread "G1 Refine#0" [stack: 0x0000002fd3900000,0x0000002fd3a00000] [id=81996]
  0x000001d711131f50 ConcurrentGCThread "G1 Service" [stack: 0x0000002fd3a00000,0x0000002fd3b00000] [id=82220]

Threads with active compile tasks:

VM state: not at safepoint (normal execution)

VM Mutex/Monitor currently owned by a thread:  ([mutex/lock_event])
[0x000001d773a95b40] Metaspace_lock - owner thread: 0x000001d773a9b630

Heap address: 0x0000000741400000, size: 3052 MB, Compressed Oops mode: Zero based, Oop shift amount: 3

CDS archive(s) mapped at: [0x0000000800000000-0x0000000800c60000-0x0000000800c60000), size 12976128, SharedBaseAddress: 0x0000000800000000, ArchiveRelocationMode: 0.
Compressed class space mapped at: 0x0000000801000000-0x0000000841000000, reserved size: 1073741824
Narrow klass base: 0x0000000800000000, Narrow klass shift: 0, Narrow klass range: 0x100000000

GC Precious Log:
 CardTable entry size: 512
 Card Set container configuration: InlinePtr #cards 4 size 8 Array Of Cards #cards 16 size 48 Howl #buckets 8 coarsen threshold 3686 Howl Bitmap #cards 512 size 80 coarsen threshold 460 Card regions per heap region 1 cards per card region 4096
 CPUs: 4 total, 4 available
 Memory: 12203M
 Large Page Support: Disabled
 NUMA Support: Disabled
 Compressed Oops: Enabled (Zero based)
 Heap Region Size: 2M
 Heap Min Capacity: 8M
 Heap Initial Capacity: 192M
 Heap Max Capacity: 3052M
 Pre-touch: Disabled
 Parallel Workers: 4
 Concurrent Workers: 1
 Concurrent Refinement Workers: 4
 Periodic GC: Disabled

Heap:
 garbage-first heap   total 196608K, used 11434K [0x0000000741400000, 0x0000000800000000)
  region size 2048K, 4 young (8192K), 2 survivors (4096K)
 Metaspace       used 14230K, committed 14400K, reserved 1114112K
  class space    used 1572K, committed 1664K, reserved 1048576K

Heap Regions: E=young(eden), S=young(survivor), O=old, HS=humongous(starts), HC=humongous(continues), CS=collection set, F=free, OA=open archive, CA=closed archive, TAMS=top-at-mark-start, PB=parsable bottom
|   0|0x0000000741400000, 0x0000000741600000, 0x0000000741600000|100%| O|  |TAMS 0x0000000741400000| PB 0x0000000741400000| Untracked 
|   1|0x0000000741600000, 0x0000000741800000, 0x0000000741800000|100%| O|  |TAMS 0x0000000741600000| PB 0x0000000741600000| Untracked 
|   2|0x0000000741800000, 0x0000000741975e00, 0x0000000741a00000| 73%| O|  |TAMS 0x0000000741800000| PB 0x0000000741800000| Untracked 
|   3|0x0000000741a00000, 0x0000000741a00000, 0x0000000741c00000|  0%| F|  |TAMS 0x0000000741a00000| PB 0x0000000741a00000| Untracked 
|   4|0x0000000741c00000, 0x0000000741c00000, 0x0000000741e00000|  0%| F|  |TAMS 0x0000000741c00000| PB 0x0000000741c00000| Untracked 
|   5|0x0000000741e00000, 0x0000000741e00000, 0x0000000742000000|  0%| F|  |TAMS 0x0000000741e00000| PB 0x0000000741e00000| Untracked 
|   6|0x0000000742000000, 0x0000000742000000, 0x0000000742200000|  0%| F|  |TAMS 0x0000000742000000| PB 0x0000000742000000| Untracked 
|   7|0x0000000742200000, 0x0000000742200000, 0x0000000742400000|  0%| F|  |TAMS 0x0000000742200000| PB 0x0000000742200000| Untracked 
|   8|0x0000000742400000, 0x0000000742400000, 0x0000000742600000|  0%| F|  |TAMS 0x0000000742400000| PB 0x0000000742400000| Untracked 
|   9|0x0000000742600000, 0x0000000742600000, 0x0000000742800000|  0%| F|  |TAMS 0x0000000742600000| PB 0x0000000742600000| Untracked 
|  10|0x0000000742800000, 0x0000000742800000, 0x0000000742a00000|  0%| F|  |TAMS 0x0000000742800000| PB 0x0000000742800000| Untracked 
|  11|0x0000000742a00000, 0x0000000742a00000, 0x0000000742c00000|  0%| F|  |TAMS 0x0000000742a00000| PB 0x0000000742a00000| Untracked 
|  12|0x0000000742c00000, 0x0000000742c00000, 0x0000000742e00000|  0%| F|  |TAMS 0x0000000742c00000| PB 0x0000000742c00000| Untracked 
|  13|0x0000000742e00000, 0x0000000742e00000, 0x0000000743000000|  0%| F|  |TAMS 0x0000000742e00000| PB 0x0000000742e00000| Untracked 
|  14|0x0000000743000000, 0x0000000743000000, 0x0000000743200000|  0%| F|  |TAMS 0x0000000743000000| PB 0x0000000743000000| Untracked 
|  15|0x0000000743200000, 0x0000000743200000, 0x0000000743400000|  0%| F|  |TAMS 0x0000000743200000| PB 0x0000000743200000| Untracked 
|  16|0x0000000743400000, 0x0000000743400000, 0x0000000743600000|  0%| F|  |TAMS 0x0000000743400000| PB 0x0000000743400000| Untracked 
|  17|0x0000000743600000, 0x0000000743600000, 0x0000000743800000|  0%| F|  |TAMS 0x0000000743600000| PB 0x0000000743600000| Untracked 
|  18|0x0000000743800000, 0x0000000743800000, 0x0000000743a00000|  0%| F|  |TAMS 0x0000000743800000| PB 0x0000000743800000| Untracked 
|  19|0x0000000743a00000, 0x0000000743a00000, 0x0000000743c00000|  0%| F|  |TAMS 0x0000000743a00000| PB 0x0000000743a00000| Untracked 
|  20|0x0000000743c00000, 0x0000000743c00000, 0x0000000743e00000|  0%| F|  |TAMS 0x0000000743c00000| PB 0x0000000743c00000| Untracked 
|  21|0x0000000743e00000, 0x0000000743e00000, 0x0000000744000000|  0%| F|  |TAMS 0x0000000743e00000| PB 0x0000000743e00000| Untracked 
|  22|0x0000000744000000, 0x0000000744000000, 0x0000000744200000|  0%| F|  |TAMS 0x0000000744000000| PB 0x0000000744000000| Untracked 
|  23|0x0000000744200000, 0x0000000744200000, 0x0000000744400000|  0%| F|  |TAMS 0x0000000744200000| PB 0x0000000744200000| Untracked 
|  24|0x0000000744400000, 0x0000000744400000, 0x0000000744600000|  0%| F|  |TAMS 0x0000000744400000| PB 0x0000000744400000| Untracked 
|  25|0x0000000744600000, 0x0000000744600000, 0x0000000744800000|  0%| F|  |TAMS 0x0000000744600000| PB 0x0000000744600000| Untracked 
|  26|0x0000000744800000, 0x0000000744800000, 0x0000000744a00000|  0%| F|  |TAMS 0x0000000744800000| PB 0x0000000744800000| Untracked 
|  27|0x0000000744a00000, 0x0000000744a00000, 0x0000000744c00000|  0%| F|  |TAMS 0x0000000744a00000| PB 0x0000000744a00000| Untracked 
|  28|0x0000000744c00000, 0x0000000744c00000, 0x0000000744e00000|  0%| F|  |TAMS 0x0000000744c00000| PB 0x0000000744c00000| Untracked 
|  29|0x0000000744e00000, 0x0000000744e00000, 0x0000000745000000|  0%| F|  |TAMS 0x0000000744e00000| PB 0x0000000744e00000| Untracked 
|  30|0x0000000745000000, 0x0000000745000000, 0x0000000745200000|  0%| F|  |TAMS 0x0000000745000000| PB 0x0000000745000000| Untracked 
|  31|0x0000000745200000, 0x0000000745200000, 0x0000000745400000|  0%| F|  |TAMS 0x0000000745200000| PB 0x0000000745200000| Untracked 
|  32|0x0000000745400000, 0x0000000745400000, 0x0000000745600000|  0%| F|  |TAMS 0x0000000745400000| PB 0x0000000745400000| Untracked 
|  33|0x0000000745600000, 0x0000000745600000, 0x0000000745800000|  0%| F|  |TAMS 0x0000000745600000| PB 0x0000000745600000| Untracked 
|  34|0x0000000745800000, 0x0000000745800000, 0x0000000745a00000|  0%| F|  |TAMS 0x0000000745800000| PB 0x0000000745800000| Untracked 
|  35|0x0000000745a00000, 0x0000000745a00000, 0x0000000745c00000|  0%| F|  |TAMS 0x0000000745a00000| PB 0x0000000745a00000| Untracked 
|  36|0x0000000745c00000, 0x0000000745c00000, 0x0000000745e00000|  0%| F|  |TAMS 0x0000000745c00000| PB 0x0000000745c00000| Untracked 
|  37|0x0000000745e00000, 0x0000000745e00000, 0x0000000746000000|  0%| F|  |TAMS 0x0000000745e00000| PB 0x0000000745e00000| Untracked 
|  38|0x0000000746000000, 0x0000000746000000, 0x0000000746200000|  0%| F|  |TAMS 0x0000000746000000| PB 0x0000000746000000| Untracked 
|  39|0x0000000746200000, 0x0000000746200000, 0x0000000746400000|  0%| F|  |TAMS 0x0000000746200000| PB 0x0000000746200000| Untracked 
|  40|0x0000000746400000, 0x0000000746400000, 0x0000000746600000|  0%| F|  |TAMS 0x0000000746400000| PB 0x0000000746400000| Untracked 
|  41|0x0000000746600000, 0x0000000746600000, 0x0000000746800000|  0%| F|  |TAMS 0x0000000746600000| PB 0x0000000746600000| Untracked 
|  42|0x0000000746800000, 0x0000000746800000, 0x0000000746a00000|  0%| F|  |TAMS 0x0000000746800000| PB 0x0000000746800000| Untracked 
|  43|0x0000000746a00000, 0x0000000746a00000, 0x0000000746c00000|  0%| F|  |TAMS 0x0000000746a00000| PB 0x0000000746a00000| Untracked 
|  44|0x0000000746c00000, 0x0000000746c00000, 0x0000000746e00000|  0%| F|  |TAMS 0x0000000746c00000| PB 0x0000000746c00000| Untracked 
|  45|0x0000000746e00000, 0x0000000746e00000, 0x0000000747000000|  0%| F|  |TAMS 0x0000000746e00000| PB 0x0000000746e00000| Untracked 
|  46|0x0000000747000000, 0x0000000747000000, 0x0000000747200000|  0%| F|  |TAMS 0x0000000747000000| PB 0x0000000747000000| Untracked 
|  47|0x0000000747200000, 0x0000000747200000, 0x0000000747400000|  0%| F|  |TAMS 0x0000000747200000| PB 0x0000000747200000| Untracked 
|  48|0x0000000747400000, 0x0000000747400000, 0x0000000747600000|  0%| F|  |TAMS 0x0000000747400000| PB 0x0000000747400000| Untracked 
|  49|0x0000000747600000, 0x0000000747600000, 0x0000000747800000|  0%| F|  |TAMS 0x0000000747600000| PB 0x0000000747600000| Untracked 
|  50|0x0000000747800000, 0x0000000747800000, 0x0000000747a00000|  0%| F|  |TAMS 0x0000000747800000| PB 0x0000000747800000| Untracked 
|  51|0x0000000747a00000, 0x0000000747a00000, 0x0000000747c00000|  0%| F|  |TAMS 0x0000000747a00000| PB 0x0000000747a00000| Untracked 
|  52|0x0000000747c00000, 0x0000000747c00000, 0x0000000747e00000|  0%| F|  |TAMS 0x0000000747c00000| PB 0x0000000747c00000| Untracked 
|  53|0x0000000747e00000, 0x0000000747e00000, 0x0000000748000000|  0%| F|  |TAMS 0x0000000747e00000| PB 0x0000000747e00000| Untracked 
|  54|0x0000000748000000, 0x0000000748000000, 0x0000000748200000|  0%| F|  |TAMS 0x0000000748000000| PB 0x0000000748000000| Untracked 
|  55|0x0000000748200000, 0x0000000748200000, 0x0000000748400000|  0%| F|  |TAMS 0x0000000748200000| PB 0x0000000748200000| Untracked 
|  56|0x0000000748400000, 0x0000000748400000, 0x0000000748600000|  0%| F|  |TAMS 0x0000000748400000| PB 0x0000000748400000| Untracked 
|  57|0x0000000748600000, 0x0000000748600000, 0x0000000748800000|  0%| F|  |TAMS 0x0000000748600000| PB 0x0000000748600000| Untracked 
|  58|0x0000000748800000, 0x0000000748800000, 0x0000000748a00000|  0%| F|  |TAMS 0x0000000748800000| PB 0x0000000748800000| Untracked 
|  59|0x0000000748a00000, 0x0000000748a00000, 0x0000000748c00000|  0%| F|  |TAMS 0x0000000748a00000| PB 0x0000000748a00000| Untracked 
|  60|0x0000000748c00000, 0x0000000748c00000, 0x0000000748e00000|  0%| F|  |TAMS 0x0000000748c00000| PB 0x0000000748c00000| Untracked 
|  61|0x0000000748e00000, 0x0000000748e00000, 0x0000000749000000|  0%| F|  |TAMS 0x0000000748e00000| PB 0x0000000748e00000| Untracked 
|  62|0x0000000749000000, 0x0000000749000000, 0x0000000749200000|  0%| F|  |TAMS 0x0000000749000000| PB 0x0000000749000000| Untracked 
|  63|0x0000000749200000, 0x0000000749200000, 0x0000000749400000|  0%| F|  |TAMS 0x0000000749200000| PB 0x0000000749200000| Untracked 
|  64|0x0000000749400000, 0x0000000749400000, 0x0000000749600000|  0%| F|  |TAMS 0x0000000749400000| PB 0x0000000749400000| Untracked 
|  65|0x0000000749600000, 0x0000000749600000, 0x0000000749800000|  0%| F|  |TAMS 0x0000000749600000| PB 0x0000000749600000| Untracked 
|  66|0x0000000749800000, 0x0000000749800000, 0x0000000749a00000|  0%| F|  |TAMS 0x0000000749800000| PB 0x0000000749800000| Untracked 
|  67|0x0000000749a00000, 0x0000000749a00000, 0x0000000749c00000|  0%| F|  |TAMS 0x0000000749a00000| PB 0x0000000749a00000| Untracked 
|  68|0x0000000749c00000, 0x0000000749c00000, 0x0000000749e00000|  0%| F|  |TAMS 0x0000000749c00000| PB 0x0000000749c00000| Untracked 
|  69|0x0000000749e00000, 0x0000000749e00000, 0x000000074a000000|  0%| F|  |TAMS 0x0000000749e00000| PB 0x0000000749e00000| Untracked 
|  70|0x000000074a000000, 0x000000074a000000, 0x000000074a200000|  0%| F|  |TAMS 0x000000074a000000| PB 0x000000074a000000| Untracked 
|  71|0x000000074a200000, 0x000000074a200000, 0x000000074a400000|  0%| F|  |TAMS 0x000000074a200000| PB 0x000000074a200000| Untracked 
|  72|0x000000074a400000, 0x000000074a400000, 0x000000074a600000|  0%| F|  |TAMS 0x000000074a400000| PB 0x000000074a400000| Untracked 
|  73|0x000000074a600000, 0x000000074a600000, 0x000000074a800000|  0%| F|  |TAMS 0x000000074a600000| PB 0x000000074a600000| Untracked 
|  74|0x000000074a800000, 0x000000074a800000, 0x000000074aa00000|  0%| F|  |TAMS 0x000000074a800000| PB 0x000000074a800000| Untracked 
|  75|0x000000074aa00000, 0x000000074aa00000, 0x000000074ac00000|  0%| F|  |TAMS 0x000000074aa00000| PB 0x000000074aa00000| Untracked 
|  76|0x000000074ac00000, 0x000000074ac00000, 0x000000074ae00000|  0%| F|  |TAMS 0x000000074ac00000| PB 0x000000074ac00000| Untracked 
|  77|0x000000074ae00000, 0x000000074ae00000, 0x000000074b000000|  0%| F|  |TAMS 0x000000074ae00000| PB 0x000000074ae00000| Untracked 
|  78|0x000000074b000000, 0x000000074b000000, 0x000000074b200000|  0%| F|  |TAMS 0x000000074b000000| PB 0x000000074b000000| Untracked 
|  79|0x000000074b200000, 0x000000074b200000, 0x000000074b400000|  0%| F|  |TAMS 0x000000074b200000| PB 0x000000074b200000| Untracked 
|  80|0x000000074b400000, 0x000000074b5b4a40, 0x000000074b600000| 85%| S|CS|TAMS 0x000000074b400000| PB 0x000000074b400000| Complete 
|  81|0x000000074b600000, 0x000000074b800000, 0x000000074b800000|100%| S|CS|TAMS 0x000000074b600000| PB 0x000000074b600000| Complete 
|  82|0x000000074b800000, 0x000000074b800000, 0x000000074ba00000|  0%| F|  |TAMS 0x000000074b800000| PB 0x000000074b800000| Untracked 
|  83|0x000000074ba00000, 0x000000074ba00000, 0x000000074bc00000|  0%| F|  |TAMS 0x000000074ba00000| PB 0x000000074ba00000| Untracked 
|  84|0x000000074bc00000, 0x000000074bc00000, 0x000000074be00000|  0%| F|  |TAMS 0x000000074bc00000| PB 0x000000074bc00000| Untracked 
|  85|0x000000074be00000, 0x000000074be00000, 0x000000074c000000|  0%| F|  |TAMS 0x000000074be00000| PB 0x000000074be00000| Untracked 
|  86|0x000000074c000000, 0x000000074c000000, 0x000000074c200000|  0%| F|  |TAMS 0x000000074c000000| PB 0x000000074c000000| Untracked 
|  87|0x000000074c200000, 0x000000074c200000, 0x000000074c400000|  0%| F|  |TAMS 0x000000074c200000| PB 0x000000074c200000| Untracked 
|  88|0x000000074c400000, 0x000000074c400000, 0x000000074c600000|  0%| F|  |TAMS 0x000000074c400000| PB 0x000000074c400000| Untracked 
|  89|0x000000074c600000, 0x000000074c600000, 0x000000074c800000|  0%| F|  |TAMS 0x000000074c600000| PB 0x000000074c600000| Untracked 
|  90|0x000000074c800000, 0x000000074c800000, 0x000000074ca00000|  0%| F|  |TAMS 0x000000074c800000| PB 0x000000074c800000| Untracked 
|  91|0x000000074ca00000, 0x000000074ca00000, 0x000000074cc00000|  0%| F|  |TAMS 0x000000074ca00000| PB 0x000000074ca00000| Untracked 
|  92|0x000000074cc00000, 0x000000074cc00000, 0x000000074ce00000|  0%| F|  |TAMS 0x000000074cc00000| PB 0x000000074cc00000| Untracked 
|  93|0x000000074ce00000, 0x000000074ce00000, 0x000000074d000000|  0%| F|  |TAMS 0x000000074ce00000| PB 0x000000074ce00000| Untracked 
|  94|0x000000074d000000, 0x000000074d1e8050, 0x000000074d200000| 95%| E|  |TAMS 0x000000074d000000| PB 0x000000074d000000| Complete 
|  95|0x000000074d200000, 0x000000074d400000, 0x000000074d400000|100%| E|CS|TAMS 0x000000074d200000| PB 0x000000074d200000| Complete 

Card table byte_map: [0x000001d77c150000,0x000001d77c750000] _byte_map_base: 0x000001d778746000

Marking Bits: (CMBitMap*) 0x000001d773afa340
 Bits: [0x000001d77cd50000, 0x000001d77fd00000)

Polling page: 0x000001d771890000

Metaspace:

Usage:
  Non-class:     12.36 MB used.
      Class:      1.54 MB used.
       Both:     13.90 MB used.

Virtual space:
  Non-class space:       64.00 MB reserved,      12.44 MB ( 19%) committed,  1 nodes.
      Class space:        1.00 GB reserved,       1.62 MB ( <1%) committed,  1 nodes.
             Both:        1.06 GB reserved,      14.06 MB (  1%) committed. 

Chunk freelists:
   Non-Class:  2.92 MB
       Class:  2.38 MB
        Both:  5.30 MB

MaxMetaspaceSize: unlimited
CompressedClassSpaceSize: 1.00 GB
Initial GC threshold: 21.00 MB
Current GC threshold: 21.00 MB
CDS: on
MetaspaceReclaimPolicy: balanced
 - commit_granule_bytes: 65536.
 - commit_granule_words: 8192.
 - virtual_space_node_default_size: 8388608.
 - enlarge_chunks_in_place: 1.
 - new_chunks_are_fully_committed: 0.
 - uncommit_free_chunks: 1.
 - use_allocation_guard: 0.


Internal statistics:

num_allocs_failed_limit: 0.
num_arena_births: 200.
num_arena_deaths: 0.
num_vsnodes_births: 2.
num_vsnodes_deaths: 0.
num_space_committed: 224.
num_space_uncommitted: 0.
num_chunks_returned_to_freelist: 0.
num_chunks_taken_from_freelist: 569.
num_chunk_merges: 0.
num_chunk_splits: 386.
num_chunks_enlarged: 290.
num_inconsistent_stats: 0.

CodeHeap 'non-profiled nmethods': size=120000Kb used=836Kb max_used=836Kb free=119163Kb
 bounds [0x000001d707ad0000, 0x000001d707d40000, 0x000001d70f000000]
CodeHeap 'profiled nmethods': size=120000Kb used=4433Kb max_used=4433Kb free=115566Kb
 bounds [0x000001d700000000, 0x000001d700460000, 0x000001d707530000]
CodeHeap 'non-nmethods': size=5760Kb used=1508Kb max_used=1527Kb free=4251Kb
 bounds [0x000001d707530000, 0x000001d7077a0000, 0x000001d707ad0000]
 total_blobs=2842 nmethods=2313 adapters=439
 compilation: enabled
              stopped_count=0, restarted_count=0
 full_count=0

Compilation events (20 events):
Event: 8.107 Thread 0x000001d71128d640 2304       4       java.util.concurrent.locks.ReentrantLock::unlock (10 bytes)
Event: 8.111 Thread 0x000001d71128d640 nmethod 2304 0x000001d707b9fb90 code [0x000001d707b9fd20, 0x000001d707b9fef0]
Event: 8.150 Thread 0x000001d71128d640 2305       4       java.lang.String::regionMatches (150 bytes)
Event: 8.159 Thread 0x000001d71128d640 nmethod 2305 0x000001d707ba0090 code [0x000001d707ba0220, 0x000001d707ba05e0]
Event: 8.292 Thread 0x000001d71128d640 2306       4       java.lang.StringConcatHelper::newString (67 bytes)
Event: 8.294 Thread 0x000001d71128d640 nmethod 2306 0x000001d707ba0910 code [0x000001d707ba0a80, 0x000001d707ba0b88]
Event: 8.390 Thread 0x000001d711305820 2307       3       org.apache.xmlbeans.impl.schema.SchemaTypeImpl::assertResolving (24 bytes)
Event: 8.390 Thread 0x000001d711305820 nmethod 2307 0x000001d700451210 code [0x000001d7004513a0, 0x000001d7004515f8]
Event: 8.434 Thread 0x000001d711305820 2308       3       java.util.jar.JarFile::getVersionedEntry (133 bytes)
Event: 8.435 Thread 0x000001d711305820 nmethod 2308 0x000001d700451710 code [0x000001d7004519c0, 0x000001d700452750]
Event: 8.438 Thread 0x000001d711305820 2309       3       java.lang.StringUTF16::length (5 bytes)
Event: 8.439 Thread 0x000001d711305820 nmethod 2309 0x000001d700452d10 code [0x000001d700452ea0, 0x000001d700452f98]
Event: 8.439 Thread 0x000001d711305820 2310       3       java.lang.StringUTF16::checkIndex (9 bytes)
Event: 8.439 Thread 0x000001d711305820 nmethod 2310 0x000001d700453090 code [0x000001d700453220, 0x000001d700453418]
Event: 8.439 Thread 0x000001d711305820 2311       3       java.lang.StringUTF16::charAt (11 bytes)
Event: 8.439 Thread 0x000001d711305820 nmethod 2311 0x000001d700453590 code [0x000001d700453740, 0x000001d7004539a8]
Event: 8.439 Thread 0x000001d711305820 2312       3       org.apache.xmlbeans.impl.regex.RangeToken::addRange (174 bytes)
Event: 8.440 Thread 0x000001d711305820 nmethod 2312 0x000001d700453b10 code [0x000001d700453d00, 0x000001d700454490]
Event: 8.448 Thread 0x000001d71128d640 2313 %     4       org.apache.xmlbeans.impl.regex.RangeToken::sortRanges @ 30 (170 bytes)
Event: 8.454 Thread 0x000001d71128d640 nmethod 2313% 0x000001d707ba0c90 code [0x000001d707ba0e00, 0x000001d707ba0ff0]

GC Heap History (6 events):
Event: 2.947 GC heap before
{Heap before GC invocations=0 (full 0):
 garbage-first heap   total 196608K, used 10240K [0x0000000741400000, 0x0000000800000000)
  region size 2048K, 6 young (12288K), 0 survivors (0K)
 Metaspace       used 3784K, committed 3968K, reserved 1114112K
  class space    used 390K, committed 512K, reserved 1048576K
}
Event: 2.955 GC heap after
{Heap after GC invocations=1 (full 0):
 garbage-first heap   total 196608K, used 5654K [0x0000000741400000, 0x0000000800000000)
  region size 2048K, 1 young (2048K), 1 survivors (2048K)
 Metaspace       used 3784K, committed 3968K, reserved 1114112K
  class space    used 390K, committed 512K, reserved 1048576K
}
Event: 4.306 GC heap before
{Heap before GC invocations=1 (full 0):
 garbage-first heap   total 196608K, used 11798K [0x0000000741400000, 0x0000000800000000)
  region size 2048K, 5 young (10240K), 1 survivors (2048K)
 Metaspace       used 6341K, committed 6592K, reserved 1114112K
  class space    used 648K, committed 768K, reserved 1048576K
}
Event: 4.311 GC heap after
{Heap after GC invocations=2 (full 0):
 garbage-first heap   total 196608K, used 6404K [0x0000000741400000, 0x0000000800000000)
  region size 2048K, 1 young (2048K), 1 survivors (2048K)
 Metaspace       used 6341K, committed 6592K, reserved 1114112K
  class space    used 648K, committed 768K, reserved 1048576K
}
Event: 8.086 GC heap before
{Heap before GC invocations=2 (full 0):
 garbage-first heap   total 196608K, used 33028K [0x0000000741400000, 0x0000000800000000)
  region size 2048K, 14 young (28672K), 1 survivors (2048K)
 Metaspace       used 13219K, committed 13504K, reserved 1114112K
  class space    used 1468K, committed 1600K, reserved 1048576K
}
Event: 8.098 GC heap after
{Heap after GC invocations=3 (full 0):
 garbage-first heap   total 196608K, used 9386K [0x0000000741400000, 0x0000000800000000)
  region size 2048K, 2 young (4096K), 2 survivors (4096K)
 Metaspace       used 13219K, committed 13504K, reserved 1114112K
  class space    used 1468K, committed 1600K, reserved 1048576K
}

Dll operation events (8 events):
Event: 0.038 Loaded shared library C:\Program Files\Java\jdk-20\bin\java.dll
Event: 0.084 Loaded shared library C:\Program Files\Java\jdk-20\bin\jsvml.dll
Event: 0.920 Loaded shared library C:\Program Files\Java\jdk-20\bin\net.dll
Event: 0.973 Loaded shared library C:\Program Files\Java\jdk-20\bin\nio.dll
Event: 1.012 Loaded shared library C:\Program Files\Java\jdk-20\bin\zip.dll
Event: 1.536 Loaded shared library C:\Program Files\Java\jdk-20\bin\jimage.dll
Event: 2.547 Loaded shared library C:\Program Files\Java\jdk-20\bin\extnet.dll
Event: 4.938 Loaded shared library C:\Program Files\Java\jdk-20\bin\verify.dll

Deoptimization events (20 events):
Event: 7.731 Thread 0x000001d773a9b630 DEOPT PACKING pc=0x000001d707b4e0d8 sp=0x0000002fd35fda40
Event: 7.731 Thread 0x000001d773a9b630 DEOPT UNPACKING pc=0x000001d707599d22 sp=0x0000002fd35fd9f8 mode 2
Event: 7.732 Thread 0x000001d773a9b630 Uncommon trap: trap_request=0xffffffde fr.pc=0x000001d707b4e0d8 relative=0x0000000000000298
Event: 7.732 Thread 0x000001d773a9b630 Uncommon trap: reason=class_check action=maybe_recompile pc=0x000001d707b4e0d8 method=java.util.regex.Pattern$BmpCharPropertyGreedy.match(Ljava/util/regex/Matcher;ILjava/lang/CharSequence;)Z @ 26 c2
Event: 7.732 Thread 0x000001d773a9b630 DEOPT PACKING pc=0x000001d707b4e0d8 sp=0x0000002fd35fda40
Event: 7.732 Thread 0x000001d773a9b630 DEOPT UNPACKING pc=0x000001d707599d22 sp=0x0000002fd35fd9f8 mode 2
Event: 7.874 Thread 0x000001d773a9b630 Uncommon trap: trap_request=0xffffffde fr.pc=0x000001d707b925b8 relative=0x0000000000000378
Event: 7.874 Thread 0x000001d773a9b630 Uncommon trap: reason=class_check action=maybe_recompile pc=0x000001d707b925b8 method=java.util.regex.Pattern$BmpCharPropertyGreedy.match(Ljava/util/regex/Matcher;ILjava/lang/CharSequence;)Z @ 70 c2
Event: 7.874 Thread 0x000001d773a9b630 DEOPT PACKING pc=0x000001d707b925b8 sp=0x0000002fd35fdd80
Event: 7.874 Thread 0x000001d773a9b630 DEOPT UNPACKING pc=0x000001d707599d22 sp=0x0000002fd35fdd08 mode 2
Event: 7.875 Thread 0x000001d773a9b630 Uncommon trap: trap_request=0xffffffde fr.pc=0x000001d707b925b8 relative=0x0000000000000378
Event: 7.875 Thread 0x000001d773a9b630 Uncommon trap: reason=class_check action=maybe_recompile pc=0x000001d707b925b8 method=java.util.regex.Pattern$BmpCharPropertyGreedy.match(Ljava/util/regex/Matcher;ILjava/lang/CharSequence;)Z @ 70 c2
Event: 7.875 Thread 0x000001d773a9b630 DEOPT PACKING pc=0x000001d707b925b8 sp=0x0000002fd35fdd80
Event: 7.875 Thread 0x000001d773a9b630 DEOPT UNPACKING pc=0x000001d707599d22 sp=0x0000002fd35fdd08 mode 2
Event: 8.046 Thread 0x000001d773a9b630 DEOPT PACKING pc=0x000001d7000a6fd8 sp=0x0000002fd35fcaa0
Event: 8.046 Thread 0x000001d773a9b630 DEOPT UNPACKING pc=0x000001d70759a4c2 sp=0x0000002fd35fbf30 mode 0
Event: 8.335 Thread 0x000001d773a9b630 Uncommon trap: trap_request=0xffffff45 fr.pc=0x000001d707b25064 relative=0x00000000000000e4
Event: 8.335 Thread 0x000001d773a9b630 Uncommon trap: reason=unstable_if action=reinterpret pc=0x000001d707b25064 method=java.util.HashMap.hash(Ljava/lang/Object;)I @ 1 c2
Event: 8.335 Thread 0x000001d773a9b630 DEOPT PACKING pc=0x000001d707b25064 sp=0x0000002fd35fc460
Event: 8.335 Thread 0x000001d773a9b630 DEOPT UNPACKING pc=0x000001d707599d22 sp=0x0000002fd35fc3a0 mode 2

Classes loaded (20 events):
Event: 8.267 Loading class org/xml/sax/ext/LexicalHandler
Event: 8.268 Loading class org/xml/sax/ext/LexicalHandler done
Event: 8.268 Loading class org/xml/sax/ext/DeclHandler
Event: 8.268 Loading class org/xml/sax/ext/DeclHandler done
Event: 8.288 Loading class javax/xml/stream/XMLStreamReader
Event: 8.288 Loading class javax/xml/stream/XMLStreamReader done
Event: 8.302 Loading class java/util/concurrent/locks/ReentrantReadWriteLock
Event: 8.303 Loading class java/util/concurrent/locks/ReadWriteLock
Event: 8.304 Loading class java/util/concurrent/locks/ReadWriteLock done
Event: 8.304 Loading class java/util/concurrent/locks/ReentrantReadWriteLock done
Event: 8.304 Loading class java/util/concurrent/locks/ReentrantReadWriteLock$NonfairSync
Event: 8.305 Loading class java/util/concurrent/locks/ReentrantReadWriteLock$Sync
Event: 8.307 Loading class java/util/concurrent/locks/ReentrantReadWriteLock$Sync done
Event: 8.307 Loading class java/util/concurrent/locks/ReentrantReadWriteLock$NonfairSync done
Event: 8.308 Loading class java/util/concurrent/locks/ReentrantReadWriteLock$Sync$ThreadLocalHoldCounter
Event: 8.309 Loading class java/util/concurrent/locks/ReentrantReadWriteLock$Sync$ThreadLocalHoldCounter done
Event: 8.309 Loading class java/util/concurrent/locks/ReentrantReadWriteLock$ReadLock
Event: 8.309 Loading class java/util/concurrent/locks/ReentrantReadWriteLock$ReadLock done
Event: 8.309 Loading class java/util/concurrent/locks/ReentrantReadWriteLock$WriteLock
Event: 8.310 Loading class java/util/concurrent/locks/ReentrantReadWriteLock$WriteLock done

Classes unloaded (0 events):
No events

Classes redefined (0 events):
No events

Internal exceptions (20 events):
Event: 6.767 Thread 0x000001d773a9b630 Exception <a 'java/lang/ClassNotFoundException'{0x000000074c035820}: com/relevantcodes/extentreports/LogSettingsCustomizer> (0x000000074c035820) 
thrown [s\open\src\hotspot\share\classfile\systemDictionary.cpp, line 305]
Event: 6.768 Thread 0x000001d773a9b630 Exception <a 'java/lang/ClassNotFoundException'{0x000000074c03a198}: com/relevantcodes/extentreports/HTMLReporterCustomizer> (0x000000074c03a198) 
thrown [s\open\src\hotspot\share\classfile\systemDictionary.cpp, line 305]
Event: 6.785 Thread 0x000001d773a9b630 Exception <a 'java/lang/ClassNotFoundException'{0x000000074c0730d0}: java/util/PropertyResourceBundleBeanInfo> (0x000000074c0730d0) 
thrown [s\open\src\hotspot\share\classfile\systemDictionary.cpp, line 305]
Event: 6.786 Thread 0x000001d773a9b630 Exception <a 'java/lang/ClassNotFoundException'{0x000000074c074338}: java/util/ResourceBundleBeanInfo> (0x000000074c074338) 
thrown [s\open\src\hotspot\share\classfile\systemDictionary.cpp, line 305]
Event: 6.787 Thread 0x000001d773a9b630 Exception <a 'java/lang/ClassNotFoundException'{0x000000074c075580}: java/util/ResourceBundleCustomizer> (0x000000074c075580) 
thrown [s\open\src\hotspot\share\classfile\systemDictionary.cpp, line 305]
Event: 6.789 Thread 0x000001d773a9b630 Exception <a 'java/lang/ClassNotFoundException'{0x000000074c081ac0}: java/util/PropertyResourceBundleCustomizer> (0x000000074c081ac0) 
thrown [s\open\src\hotspot\share\classfile\systemDictionary.cpp, line 305]
Event: 6.834 Thread 0x000001d773a9b630 Exception <a 'java/lang/ClassNotFoundException'{0x000000074c0dcc58}: com/relevantcodes/extentreports/ExtentTestBeanInfo> (0x000000074c0dcc58) 
thrown [s\open\src\hotspot\share\classfile\systemDictionary.cpp, line 305]
Event: 6.836 Thread 0x000001d773a9b630 Exception <a 'java/lang/ClassNotFoundException'{0x000000074c0dfad0}: com/relevantcodes/extentreports/ExtentTestCustomizer> (0x000000074c0dfad0) 
thrown [s\open\src\hotspot\share\classfile\systemDictionary.cpp, line 305]
Event: 6.844 Thread 0x000001d773a9b630 Exception <a 'java/lang/ClassNotFoundException'{0x000000074c101230}: com/relevantcodes/extentreports/model/TestBeanInfo> (0x000000074c101230) 
thrown [s\open\src\hotspot\share\classfile\systemDictionary.cpp, line 305]
Event: 6.846 Thread 0x000001d773a9b630 Exception <a 'java/lang/ClassNotFoundException'{0x000000074c1048d0}: com/relevantcodes/extentreports/model/TestCustomizer> (0x000000074c1048d0) 
thrown [s\open\src\hotspot\share\classfile\systemDictionary.cpp, line 305]
Event: 6.864 Thread 0x000001d773a9b630 Exception <a 'java/lang/ClassNotFoundException'{0x000000074c145718}: java/util/UUIDBeanInfo> (0x000000074c145718) 
thrown [s\open\src\hotspot\share\classfile\systemDictionary.cpp, line 305]
Event: 6.864 Thread 0x000001d773a9b630 Exception <a 'java/lang/ClassNotFoundException'{0x000000074c146928}: java/util/UUIDCustomizer> (0x000000074c146928) 
thrown [s\open\src\hotspot\share\classfile\systemDictionary.cpp, line 305]
Event: 6.872 Thread 0x000001d773a9b630 Exception <a 'java/lang/ClassNotFoundException'{0x000000074c159170}: com/relevantcodes/extentreports/model/LogBeanInfo> (0x000000074c159170) 
thrown [s\open\src\hotspot\share\classfile\systemDictionary.cpp, line 305]
Event: 6.873 Thread 0x000001d773a9b630 Exception <a 'java/lang/ClassNotFoundException'{0x000000074c15c800}: com/relevantcodes/extentreports/model/LogCustomizer> (0x000000074c15c800) 
thrown [s\open\src\hotspot\share\classfile\systemDictionary.cpp, line 305]
Event: 6.878 Thread 0x000001d773a9b630 Exception <a 'java/lang/ClassNotFoundException'{0x000000074c16c498}: com/relevantcodes/extentreports/view/IconBeanInfo> (0x000000074c16c498) 
thrown [s\open\src\hotspot\share\classfile\systemDictionary.cpp, line 305]
Event: 6.879 Thread 0x000001d773a9b630 Exception <a 'java/lang/ClassNotFoundException'{0x000000074c16fb28}: com/relevantcodes/extentreports/view/IconCustomizer> (0x000000074c16fb28) 
thrown [s\open\src\hotspot\share\classfile\systemDictionary.cpp, line 305]
Event: 6.880 Thread 0x000001d773a9b630 Exception <a 'java/lang/NoSuchMethodError'{0x000000074c174920}: 'java.lang.Object java.lang.invoke.DirectMethodHandle$Holder.invokeVirtual(java.lang.Object, java.lang.Object, java.lang.Object)'> (0x000000074c174920) 
thrown [s\open\src\hotspot\share\interpreter\linkResolver.cpp, line 773]
Event: 6.974 Thread 0x000001d773a9b630 Exception <a 'java/lang/NoSuchMethodError'{0x000000074be30198}: 'void java.lang.invoke.DirectMethodHandle$Holder.invokeInterface(java.lang.Object, java.lang.Object)'> (0x000000074be30198) 
thrown [s\open\src\hotspot\share\interpreter\linkResolver.cpp, line 773]
Event: 7.754 Thread 0x000001d773a9b630 Exception <a 'java/lang/NoSuchMethodError'{0x000000074bac51f0}: 'void java.lang.invoke.DirectMethodHandle$Holder.invokeInterface(java.lang.Object, java.lang.Object, java.lang.Object)'> (0x000000074bac51f0) 
thrown [s\open\src\hotspot\share\interpreter\linkResolver.cpp, line 773]
Event: 8.335 Thread 0x000001d773a9b630 Implicit null exception at 0x000001d707b24fc6 to 0x000001d707b2505a

VM Operations (20 events):
Event: 4.601 Executing VM operation: HandshakeAllThreads
Event: 4.601 Executing VM operation: HandshakeAllThreads done
Event: 5.078 Executing VM operation: HandshakeAllThreads
Event: 5.078 Executing VM operation: HandshakeAllThreads done
Event: 5.211 Executing VM operation: ICBufferFull
Event: 5.211 Executing VM operation: ICBufferFull done
Event: 5.268 Executing VM operation: HandshakeAllThreads
Event: 5.268 Executing VM operation: HandshakeAllThreads done
Event: 6.268 Executing VM operation: Cleanup
Event: 6.298 Executing VM operation: Cleanup done
Event: 7.309 Executing VM operation: Cleanup
Event: 7.309 Executing VM operation: Cleanup done
Event: 7.321 Executing VM operation: HandshakeAllThreads
Event: 7.321 Executing VM operation: HandshakeAllThreads done
Event: 8.086 Executing VM operation: G1CollectForAllocation
Event: 8.098 Executing VM operation: G1CollectForAllocation done
Event: 8.307 Executing VM operation: HandshakeAllThreads
Event: 8.307 Executing VM operation: HandshakeAllThreads done
Event: 8.308 Executing VM operation: HandshakeAllThreads
Event: 8.308 Executing VM operation: HandshakeAllThreads done

Events (17 events):
Event: 0.084 Thread 0x000001d773a9b630 Thread added: 0x000001d773a9b630
Event: 0.269 Thread 0x000001d711284e80 Thread added: 0x000001d711284e80
Event: 0.270 Thread 0x000001d711285c80 Thread added: 0x000001d711285c80
Event: 0.270 Thread 0x000001d711286de0 Thread added: 0x000001d711286de0
Event: 0.271 Thread 0x000001d71128a740 Thread added: 0x000001d71128a740
Event: 0.271 Thread 0x000001d71128b080 Thread added: 0x000001d71128b080
Event: 0.271 Thread 0x000001d71128c9d0 Thread added: 0x000001d71128c9d0
Event: 0.272 Thread 0x000001d71128d640 Thread added: 0x000001d71128d640
Event: 0.298 Thread 0x000001d711305820 Thread added: 0x000001d711305820
Event: 0.885 Thread 0x000001d7155c83e0 Thread added: 0x000001d7155c83e0
Event: 0.894 Thread 0x000001d7155cfd80 Thread added: 0x000001d7155cfd80
Event: 2.618 Thread 0x000001d7158fdcb0 Thread added: 0x000001d7158fdcb0
Event: 4.689 Thread 0x000001d7160c6350 Thread added: 0x000001d7160c6350
Event: 4.694 Thread 0x000001d7160c68a0 Thread added: 0x000001d7160c68a0
Event: 4.696 Thread 0x000001d7160c6df0 Thread added: 0x000001d7160c6df0
Event: 6.623 Thread 0x000001d715f0d9b0 Thread added: 0x000001d715f0d9b0
Event: 7.244 Thread 0x000001d715f0d9b0 Thread exited: 0x000001d715f0d9b0


Dynamic libraries:
0x00007ff6fe7b0000 - 0x00007ff6fe7c0000 	C:\Program Files\Java\jdk-20\bin\javaw.exe
0x00007ffe09d90000 - 0x00007ffe09f88000 	C:\WINDOWS\SYSTEM32\ntdll.dll
0x00007ffe08150000 - 0x00007ffe0820f000 	C:\WINDOWS\System32\KERNEL32.dll
0x00007ffe07220000 - 0x00007ffe07321000 	C:\Windows\system32\hmpalert.dll
0x00007ffe075d0000 - 0x00007ffe078c6000 	C:\WINDOWS\System32\KERNELBASE.dll
0x00007ffe07470000 - 0x00007ffe07570000 	C:\WINDOWS\System32\ucrtbase.dll
0x00007ffe002b0000 - 0x00007ffe002c9000 	C:\Program Files\Java\jdk-20\bin\jli.dll
0x00007ffe09380000 - 0x00007ffe0942f000 	C:\WINDOWS\System32\ADVAPI32.dll
0x00007ffe09c50000 - 0x00007ffe09cee000 	C:\WINDOWS\System32\msvcrt.dll
0x00007ffe08460000 - 0x00007ffe084fc000 	C:\WINDOWS\System32\sechost.dll
0x00007ffe08690000 - 0x00007ffe087b6000 	C:\WINDOWS\System32\RPCRT4.dll
0x00007ffe08a10000 - 0x00007ffe08bad000 	C:\WINDOWS\System32\USER32.dll
0x00007ffe075a0000 - 0x00007ffe075c2000 	C:\WINDOWS\System32\win32u.dll
0x00007ffe08e30000 - 0x00007ffe08e5c000 	C:\WINDOWS\System32\GDI32.dll
0x00007ffe07b10000 - 0x00007ffe07c25000 	C:\WINDOWS\System32\gdi32full.dll
0x00007ffe07c30000 - 0x00007ffe07ccd000 	C:\WINDOWS\System32\msvcp_win.dll
0x00007ffde5470000 - 0x00007ffde570a000 	C:\WINDOWS\WinSxS\amd64_microsoft.windows.common-controls_6595b64144ccf1df_6.0.19041.1110_none_60b5254171f9507e\COMCTL32.dll
0x00007ffe01250000 - 0x00007ffe0125a000 	C:\WINDOWS\SYSTEM32\VERSION.dll
0x00007ffe01fd0000 - 0x00007ffe01feb000 	C:\Program Files\Java\jdk-20\bin\VCRUNTIME140.dll
0x00007ffe08660000 - 0x00007ffe08690000 	C:\WINDOWS\System32\IMM32.DLL
0x00007ffe03f80000 - 0x00007ffe03f8c000 	C:\Program Files\Java\jdk-20\bin\vcruntime140_1.dll
0x00007ffdd0f70000 - 0x00007ffdd0ffe000 	C:\Program Files\Java\jdk-20\bin\msvcp140.dll
0x00007ffda3e90000 - 0x00007ffda4b27000 	C:\Program Files\Java\jdk-20\bin\server\jvm.dll
0x00007ffe00230000 - 0x00007ffe00239000 	C:\WINDOWS\SYSTEM32\WSOCK32.dll
0x00007ffe08560000 - 0x00007ffe085cb000 	C:\WINDOWS\System32\WS2_32.dll
0x00007ffde90d0000 - 0x00007ffde90f7000 	C:\WINDOWS\SYSTEM32\WINMM.dll
0x00007ffe051d0000 - 0x00007ffe051e2000 	C:\WINDOWS\SYSTEM32\kernel.appcore.dll
0x00007ffe00220000 - 0x00007ffe0022a000 	C:\Program Files\Java\jdk-20\bin\jimage.dll
0x00007ffdf5670000 - 0x00007ffdf5854000 	C:\WINDOWS\SYSTEM32\DBGHELP.DLL
0x00007ffdf5630000 - 0x00007ffdf5664000 	C:\WINDOWS\SYSTEM32\dbgcore.DLL
0x00007ffe078d0000 - 0x00007ffe07952000 	C:\WINDOWS\System32\bcryptPrimitives.dll
0x00007ffdde8d0000 - 0x00007ffdde8f6000 	C:\Program Files\Java\jdk-20\bin\java.dll
0x00007ffdce090000 - 0x00007ffdce167000 	C:\Program Files\Java\jdk-20\bin\jsvml.dll
0x00007ffe09500000 - 0x00007ffe09c44000 	C:\WINDOWS\System32\SHELL32.dll
0x00007ffe053d0000 - 0x00007ffe05b63000 	C:\WINDOWS\SYSTEM32\windows.storage.dll
0x00007ffe07df0000 - 0x00007ffe08144000 	C:\WINDOWS\System32\combase.dll
0x00007ffe06bf0000 - 0x00007ffe06c1e000 	C:\WINDOWS\SYSTEM32\Wldp.dll
0x00007ffe08e60000 - 0x00007ffe08f0d000 	C:\WINDOWS\System32\SHCORE.dll
0x00007ffe08500000 - 0x00007ffe08555000 	C:\WINDOWS\System32\shlwapi.dll
0x00007ffe073b0000 - 0x00007ffe073cf000 	C:\WINDOWS\SYSTEM32\profapi.dll
0x00007ffe001b0000 - 0x00007ffe001c3000 	C:\Program Files\Java\jdk-20\bin\net.dll
0x00007ffdff880000 - 0x00007ffdff98a000 	C:\WINDOWS\SYSTEM32\WINHTTP.dll
0x00007ffe069d0000 - 0x00007ffe06a3a000 	C:\WINDOWS\system32\mswsock.dll
0x00007ffdf5c90000 - 0x00007ffdf5ca6000 	C:\Program Files\Java\jdk-20\bin\nio.dll
0x00007ffde6c60000 - 0x00007ffde6c78000 	C:\Program Files\Java\jdk-20\bin\zip.dll
0x00007ffe06730000 - 0x00007ffe067fa000 	C:\WINDOWS\SYSTEM32\DNSAPI.dll
0x00007ffe066e0000 - 0x00007ffe0671c000 	C:\WINDOWS\SYSTEM32\IPHLPAPI.DLL
0x00007ffe08210000 - 0x00007ffe08218000 	C:\WINDOWS\System32\NSI.dll
0x00007ffdfaa70000 - 0x00007ffdfaa7a000 	C:\Windows\System32\rasadhlp.dll
0x00007ffdfcc80000 - 0x00007ffdfcd02000 	C:\WINDOWS\System32\fwpuclnt.dll
0x00007ffe07570000 - 0x00007ffe07597000 	C:\WINDOWS\System32\bcrypt.dll
0x00007ffe00800000 - 0x00007ffe00807000 	C:\Program Files\Java\jdk-20\bin\extnet.dll
0x00007ffe06c30000 - 0x00007ffe06c48000 	C:\WINDOWS\SYSTEM32\CRYPTSP.dll
0x00007ffe06310000 - 0x00007ffe06344000 	C:\WINDOWS\system32\rsaenh.dll
0x00007ffe07370000 - 0x00007ffe0739e000 	C:\WINDOWS\SYSTEM32\USERENV.dll
0x00007ffe06b60000 - 0x00007ffe06b6c000 	C:\WINDOWS\SYSTEM32\CRYPTBASE.dll
0x00007ffdffa10000 - 0x00007ffdffa27000 	C:\WINDOWS\SYSTEM32\dhcpcsvc6.DLL
0x00007ffdfe850000 - 0x00007ffdfe86d000 	C:\WINDOWS\SYSTEM32\dhcpcsvc.DLL
0x00007ffdf60e0000 - 0x00007ffdf60f0000 	C:\Program Files\Java\jdk-20\bin\verify.dll
0x00007ffdd9b80000 - 0x00007ffdd9b97000 	C:\WINDOWS\system32\napinsp.dll
0x00007ffd97d80000 - 0x00007ffd97d9b000 	C:\WINDOWS\system32\pnrpnsp.dll
0x00007ffe01c00000 - 0x00007ffe01c15000 	C:\WINDOWS\system32\wshbth.dll
0x00007ffe03e80000 - 0x00007ffe03e9d000 	C:\WINDOWS\system32\NLAapi.dll
0x00007ffd97d60000 - 0x00007ffd97d72000 	C:\WINDOWS\System32\winrnr.dll

dbghelp: loaded successfully - version: 4.0.5 - missing functions: none
symbol engine: initialized successfully - sym options: 0x614 - pdb path: .;C:\Program Files\Java\jdk-20\bin;C:\WINDOWS\SYSTEM32;C:\WINDOWS\WinSxS\amd64_microsoft.windows.common-controls_6595b64144ccf1df_6.0.19041.1110_none_60b5254171f9507e;C:\Program Files\Java\jdk-20\bin\server

VM Arguments:
jvm_args: -ea -Dfile.encoding=UTF-8 -XX:+ShowCodeDetailsInExceptionMessages 
java_command: org.testng.remote.RemoteTestNG -serport 53064 -protocol json -d E:\Snehal\ComplianceLatest\Litigation-Project-main (1)\Litigation-Project-main\test-output C:\Users\SNEHAL~1\AppData\Local\Temp\testng-eclipse-1072670090\testng-customsuite.xml
java_class_path (initial): C:\Users\Snehal Patil\eclipse\java-2023-03\eclipse\configuration\org.eclipse.osgi\444\0\.cp\lib\testng-remote.jar;E:\Snehal\ComplianceLatest\Litigation-Project-main (1)\Litigation-Project-main\target\test-classes;E:\Snehal\ComplianceLatest\Litigation-Project-main (1)\Litigation-Project-main\target\classes;C:\Users\Snehal Patil\.p2\pool\plugins\org.testng_7.4.0.r202105021533.jar;C:\Users\Snehal Patil\.p2\pool\plugins\com.beust.jcommander_1.78.0.jar;C:\Users\Snehal Patil\.p2\pool\plugins\org.apache-extras.beanshell.bsh_2.0.0.b6.jar;C:\Users\Snehal Patil\.p2\pool\plugins\org.yaml.snakeyaml_1.27.0.v20221112-0806.jar;C:\Users\Snehal Patil\.p2\pool\plugins\org.webjars.jquery_3.5.1.jar;C:\Users\Snehal Patil\.m2\repository\org\seleniumhq\selenium\selenium-java\3.141.0\selenium-java-3.141.0.jar;C:\Users\Snehal Patil\.m2\repository\org\seleniumhq\selenium\selenium-api\3.141.0\selenium-api-3.141.0.jar;C:\Users\Snehal Patil\.m2\repository\org\seleniumhq\selenium\selenium-chrome-driver\3.141.0\selenium-chrome-driver-3.141.0.jar;C:\Users\Snehal Patil\.m2\repository\org\seleniumhq\selenium\selenium-edge-driver\3.141.0\selenium-edge-driver-3.141.0.jar;C:\Users\Snehal Patil\.m2\repository\org\seleniumhq\selenium\selenium-firefox-driver\3.141.0\selenium-firefox-driver-3.141.0.jar;C:\Users\Snehal Patil\.m2\repository\org\seleniumhq\selenium\selenium-ie-driver\3.141.0\selenium-ie-driver-3.141.0.jar;C:\Users\Snehal Patil\.m2\repository\org\seleniumhq\selenium\selenium-opera-driver\3.141.0\selenium-opera-driver-3.141.0.jar;C:\Users\Snehal Patil\.m2\repository\org\seleniumhq\selenium\selenium-remote-driver\3.141.0\selenium-remote-driver-3.141.0.jar;C:\Users\Snehal Patil\.m2\repository\org\seleniumhq\selenium\selenium-safari-driver\3.141.0\selenium-safari-driver-3.141.0.jar;C:\Users\Snehal Patil\.m2\repository\org\seleniumhq\selenium\selenium-support\3.141.0\selenium-support-3.141.0.jar;C:\Users\Snehal Patil\.m2\repository\net\bytebuddy\byte-buddy\1.8.15\byte-buddy-1.8.15.jar;C:\Users\Snehal Patil\.m2\repository\org\apache\commons\commons-exec\1.3\commons-exec-1.3.jar;C:\Users\Snehal Patil\.m2\repository\com\google\guava\guava\25.0-jre\guava-25.0-jre.jar;C:\Users\Snehal Patil\.m2\repository\com\google\code\findbugs\jsr305\1.3.9\jsr305-1.3.9.jar;C:\Users\Snehal Patil\.m2\repository\org\checkerframework\checker-compat-qual\2.0.0\checker-compat-qual-2.0.0.jar;C:\Users\Snehal Patil\.m2\repository\com\google\errorprone\error_prone_annotations\2.1.3\error_prone_annotations-2.1.3.jar;C:\Users\Snehal Patil\.m2\repository\com\google\j2objc\j2objc-annotations\1.1\j2objc-annotations-1.1.jar;C:\Users\Snehal Patil\.m2\repository\org\codehaus\mojo\animal-sniffer-annotations\1.14\animal-sniffer-annotations-1.14.jar;C:\Users\Snehal Patil\.m2\repository\com\squareup\okhttp3\okhttp\3.11.0\okhttp-3.11.0.jar;C:\Users\Snehal Patil\.m2\repository\com\squareup\okio\okio\1.14.0\okio-1.14.0.jar;C:\Users\Snehal Patil\.m2\repository\org\testng\testng\6.14.2\testng-6.14.2.jar;C:\Users\Snehal Patil\.m2\repository\com\beust\jcommander\1.72\jcommander-1.72.jar;C:\Users\Snehal Patil\.m2\repository\org\apache-extras\beanshell\bsh\2.0b6\bsh-2.0b6.jar;C:\Users\Snehal Patil\.m2\repository\com\relevantcodes\extentreports\2.41.1\extentreports-2.41.1.jar;C:\Users\Snehal Patil\.m2\repository\org\jsoup\jsoup\1.8.3\jsoup-1.8.3.jar;C:\Users\Snehal Patil\.m2\repository\org\xerial\sqlite-jdbc\3.8.11.1\sqlite-jdbc-3.8.11.1.jar;C:\Users\Snehal Patil\.m2\repository\org\freemarker\freemarker\2.3.23\freemarker-2.3.23.jar;C:\Users\Snehal Patil\.m2\repository\org\mongodb\mongodb-driver\3.0.4\mongodb-driver-3.0.4.jar;C:\Users\Snehal Patil\.m2\repository\org\mongodb\bson\3.0.4\bson-3.0.4.jar;C:\Users\Snehal Patil\.m2\repository\org\mongodb\mongodb-driver-core\3.0.4\mongodb-driver-core-3.0.4.jar;C:\Users\Snehal Patil\.m2\repository\org\apache\poi\poi\4.0.0\poi-4.0.0.jar;C:\Users\Snehal Patil\.m2\repository\commons-codec\commons-codec\1.10\commons-codec-1.10.jar;C:\Users\Snehal Patil\.m2\repository\org\apache\commons\commons-collections4\4.2\commons-collections4-4.2.jar;C:\Users\Snehal Patil\.m2\repository\org\apache\poi\poi-ooxml\4.0.0\poi-ooxml-4.0.0.jar;C:\Users\Snehal Patil\.m2\repository\org\apache\poi\poi-ooxml-schemas\4.0.0\poi-ooxml-schemas-4.0.0.jar;C:\Users\Snehal Patil\.m2\repository\org\apache\xmlbeans\xmlbeans\3.0.1\xmlbeans-3.0.1.jar;C:\Users\Snehal Patil\.m2\repository\org\apache\commons\commons-compress\1.18\commons-compress-1.18.jar;C:\Users\Snehal Patil\.m2\repository\com\github\virtuald\curvesapi\1.04\curvesapi-1.04.jar;C:\Users\Snehal Patil\.m2\repository\com\google\inject\guice\4.2.0\guice-4.2.0.jar;C:\Users\Snehal Patil\.m2\repository\javax\inject\javax.inject\1\javax.inject-1.jar;C:\Users\Snehal Patil\.m2\repository\aopalliance\aopalliance\1.0\aopalliance-1.0.jar;C:\Users\Snehal Patil\.m2\repository\com\google\inject\extensions\guice-assistedinject\4.2.0\guice-assistedinject-4.2.0.jar;C:\Users\Snehal Patil\.m2\repository\io\github\bonigarcia\webdrivermanager\5.3.1\webdrivermanager-5.3.1.jar;C:\Users\Snehal Patil\.m2\repository\org\slf4j\slf4j-api\2.0.3\slf4j-api-2.0.3.jar;C:\Users\Snehal Patil\.m2\repository\com\google\code\gson\gson\2.10\gson-2.10.jar;C:\Users\Snehal Patil\.m2\repository\com\github\docker-java\docker-java\3.2.13\docker-java-3.2.13.jar;C:\Users\Snehal Patil\.m2\repository\com\github\docker-java\docker-java-core\3.2.13\docker-java-core-3.2.13.jar;C:\Users\Snehal Patil\.m2\repository\com\github\docker-java\docker-java-api\3.2.13\docker-java-api-3.2.13.jar;C:\Users\Snehal Patil\.m2\repository\com\fasterxml\jackson\core\jackson-annotations\2.10.3\jackson-annotations-2.10.3.jar;C:\Users\Snehal Patil\.m2\repository\commons-io\commons-io\2.6\commons-io-2.6.jar;C:\Users\Snehal Patil\.m2\repository\com\fasterxml\jackson\core\jackson-databind\2.10.3\jackson-databind-2.10.3.jar;C:\Users\Snehal Patil\.m2\repository\com\fasterxml\jackson\core\jackson-core\2.10.3\jackson-core-2.10.3.jar;C:\Users\Snehal Patil\.m2\repository\org\bouncycastle\bcpkix-jdk15on\1.64\bcpkix-jdk15on-1.64.jar;C:\Users\Snehal Patil\.m2\repository\org\bouncycastle\bcprov-jdk15on\1.64\bcprov-jdk15on-1.64.jar;C:\Users\Snehal Patil\.m2\repository\org\slf4j\jcl-over-slf4j\1.7.30\jcl-over-slf4j-1.7.30.jar;C:\Users\Snehal Patil\.m2\repository\com\github\docker-java\docker-java-transport-httpclient5\3.2.13\docker-java-transport-httpclient5-3.2.13.jar;C:\Users\Snehal Patil\.m2\repository\com\github\docker-java\docker-java-transport\3.2.13\docker-java-transport-3.2.13.jar;C:\Users\Snehal Patil\.m2\repository\net\java\dev\jna\jna\5.8.0\jna-5.8.0.jar;C:\Users\Snehal Patil\.m2\repository\org\brotli\dec\0.1.2\dec-0.1.2.jar;C:\Users\Snehal Patil\.m2\repository\org\apache\commons\commons-lang3\3.12.0\commons-lang3-3.12.0.jar;C:\Users\Snehal Patil\.m2\repository\org\apache\httpcomponents\client5\httpclient5\5.1.3\httpclient5-5.1.3.jar;C:\Users\Snehal Patil\.m2\repository\org\apache\httpcomponents\core5\httpcore5\5.1.3\httpcore5-5.1.3.jar;C:\Users\Snehal Patil\.m2\repository\org\apache\httpcomponents\core5\httpcore5-h2\5.1.3\httpcore5-h2-5.1.3.jar
Launcher Type: SUN_STANDARD

[Global flags]
     intx CICompilerCount                          = 3                                         {product} {ergonomic}
     uint ConcGCThreads                            = 1                                         {product} {ergonomic}
     uint G1ConcRefinementThreads                  = 4                                         {product} {ergonomic}
   size_t G1HeapRegionSize                         = 2097152                                   {product} {ergonomic}
    uintx GCDrainStackTargetSize                   = 64                                        {product} {ergonomic}
   size_t InitialHeapSize                          = 201326592                                 {product} {ergonomic}
   size_t MarkStackSize                            = 4194304                                   {product} {ergonomic}
   size_t MaxHeapSize                              = 3200253952                                {product} {ergonomic}
   size_t MaxNewSize                               = 1918894080                                {product} {ergonomic}
   size_t MinHeapDeltaBytes                        = 2097152                                   {product} {ergonomic}
   size_t MinHeapSize                              = 8388608                                   {product} {ergonomic}
    uintx NonNMethodCodeHeapSize                   = 5832780                                {pd product} {ergonomic}
    uintx NonProfiledCodeHeapSize                  = 122912730                              {pd product} {ergonomic}
    uintx ProfiledCodeHeapSize                     = 122912730                              {pd product} {ergonomic}
    uintx ReservedCodeCacheSize                    = 251658240                              {pd product} {ergonomic}
     bool SegmentedCodeCache                       = true                                      {product} {ergonomic}
     bool ShowCodeDetailsInExceptionMessages       = true                                   {manageable} {command line}
   size_t SoftMaxHeapSize                          = 3200253952                             {manageable} {ergonomic}
     bool UseCompressedClassPointers               = true                           {product lp64_product} {ergonomic}
     bool UseCompressedOops                        = true                           {product lp64_product} {ergonomic}
     bool UseG1GC                                  = true                                      {product} {ergonomic}
     bool UseLargePagesIndividualAllocation        = false                                  {pd product} {ergonomic}

Logging:
Log output configuration:
 #0: stdout all=warning uptime,level,tags foldmultilines=false
 #1: stderr all=off uptime,level,tags foldmultilines=false

Environment Variables:
JAVA_HOME=C:\Program Files\Java\jdk-20
PATH=C:\Program Files\Common Files\Oracle\Java\javapath;C:\WINDOWS\system32;C:\WINDOWS;C:\WINDOWS\System32\Wbem;C:\WINDOWS\System32\WindowsPowerShell\v1.0\;C:\WINDOWS\System32\OpenSSH\;C:\Program Files\Microsoft SQL Server\150\Tools\Binn\;C:\Program Files\Microsoft SQL Server\Client SDK\ODBC\170\Tools\Binn\;C:\Program Files\dotnet\;C:\Program Files (x86)\Microsoft SQL Server\150\Tools\Binn\;C:\Program Files\Microsoft SQL Server\150\DTS\Binn\;C:\Program Files (x86)\Microsoft SQL Server\150\DTS\Binn\;C:\Program Files\Azure Data Studio\bin;C:\Program Files\Java\jdk-20\bin;C:\Users\Snehal Patil\AppData\Local\Microsoft\WindowsApps;C:\Users\Snehal Patil\AppData\Local\GitHubDesktop\bin
USERNAME=Snehal Patil
OS=Windows_NT
PROCESSOR_IDENTIFIER=Intel64 Family 6 Model 61 Stepping 4, GenuineIntel
TMP=C:\Users\SNEHAL~1\AppData\Local\Temp
TEMP=C:\Users\SNEHAL~1\AppData\Local\Temp




---------------  S Y S T E M  ---------------

OS:
 Windows 10 , 64 bit Build 19041 (10.0.19041.3031)
OS uptime: 6 days 9:46 hours
Hyper-V role detected

CPU: total 4 (initial active 4) (2 cores per cpu, 2 threads per core) family 6 model 61 stepping 4 microcode 0x2d, cx8, cmov, fxsr, ht, mmx, 3dnowpref, sse, sse2, sse3, ssse3, sse4.1, sse4.2, popcnt, lzcnt, tsc, tscinvbit, avx, avx2, aes, erms, clmul, bmi1, bmi2, adx, fma, vzeroupper, clflush, hv, rdtscp, f16c

Memory: 4k page, system-wide physical 12203M (854M free)
TotalPageFile size 27943M (AvailPageFile size 5M)
current process WorkingSet (physical memory assigned to process): 110M, peak: 110M
current process commit charge ("private bytes"): 301M, peak: 301M

vm_info: Java HotSpot(TM) 64-Bit Server VM (20+36-2344) for windows-amd64 JRE (20+36-2344), built on 2023-02-10T19:30:15Z by "mach5one" with MS VC++ 17.1 (VS2022)

END.
